[2020-9-4 22:46:46]  用户: 123 操作了: 登录
[2020-9-4 22:53:17]  用户: 123 操作了: 登录
[2020-9-4 23:08:36]  用户: 123 操作了: 登录
[2020-9-5 9:06:30]  用户: 123 操作了: 登录
[2020-9-5 12:05:59]  用户: root 操作了: 登录
[2020-9-5 7:49:16 ├F10: PM┤]  用户: 123 操作了: 登录
[2020-9-5 7:50:47 ├F10: PM┤]  用户: root 操作了: 登录
[2020-9-5 7:51:38 ├F10: PM┤]  用户: 123 操作了: 登录
[2020-9-5 7:52:06 ├F10: PM┤]  用户: root 操作了: 登录
[2020-9-5 7:52:13 ├F10: PM┤]  用户: 123 操作了: 登录
[2020-9-5 9:07:43 ├F10: PM┤]  用户: 123 操作了: 登录
[2020-9-5 9:18:50 ├F10: PM┤]  用户: 123 操作了: 登录
[2020-9-5 9:27:49 ├F10: PM┤]  用户: 123 操作了: 登录
[2020-9-6 2:54:19 ├F10: AM┤]  用户: 123 操作了: 登录
[2020-9-6 3:35:27 ├F10: AM┤]  用户: 123 操作了: 登录
[2020-9-6 3:36:57 ├F10: AM┤]  用户: 123 操作了: 登录
[2020-9-6 3:37:13 ├F10: AM┤]  用户: 123 操作了: 修改密码成功
[2020-9-6 12:14:01 ├F10: PM┤]  用户: 123 操作了: 登录
[2020-9-6 12:14:04 ├F10: PM┤]  用户: 123 操作了: 登录
[2020-9-6 12:14:52 ├F10: PM┤]  用户: root 操作了: 登录
[2020-9-6 12:16:06 ├F10: PM┤]  用户: root 操作了: 删除记录成功  事项代码为:test300
[2020-9-6 12:16:07 ├F10: PM┤]  用户: root 操作了: 删除记录成功  事项代码为:test301
[2020-9-6 12:16:08 ├F10: PM┤]  用户: root 操作了: 删除记录成功  事项代码为:test302
[2020-9-6 12:16:08 ├F10: PM┤]  用户: root 操作了: 删除记录成功  事项代码为:test303
[2020-9-6 12:17:39 ├F10: PM┤]  用户: root 操作了: 登录
[2020-9-6 12:33:09 ├F10: PM┤]  用户: 123 操作了: 登录
[2020-9-6 12:33:12 ├F10: PM┤]  用户: 123 操作了: 登录
[2020-9-6 12:33:42 ├F10: PM┤]  用户: 123 操作了: 登录
[2020-9-6 12:35:01 ├F10: PM┤]  用户: 123 操作了: 登录
[2020-9-6 1:51:27 ├F10: PM┤]  用户: 123 操作了: 登录
[2020-9-6 1:51:29 ├F10: PM┤]  用户: 123 操作了: 登录
[2020-9-6 1:54:14 ├F10: PM┤]  用户: root 操作了: 登录
[2020-9-6 1:58:26 ├F10: PM┤]  用户: root 操作了: 登录
[2020-9-6 2:09:42 ├F10: PM┤]  用户: 123 操作了: 登录
[2020-9-6 2:09:44 ├F10: PM┤]  用户: 123 操作了: 登录
[2020-9-6 2:10:29 ├F10: PM┤]  用户: 123 操作了: 登录
[2020-9-6 2:10:42 ├F10: PM┤]  用户: 123 操作了: 登录
[2020-9-6 10:57:16 ├F10: PM┤]  用户: 123 操作了: 登录
[2020-9-6 11:06:04 ├F10: PM┤]  用户: 123 操作了: 登录
[2020-9-6 11:06:14 ├F10: PM┤]  用户: 123 操作了: 登录
[2020-9-6 11:24:10 ├F10: PM┤]  用户: 123 操作了: 登录
[2020-9-6 11:24:43 ├F10: PM┤]  用户: 123 操作了: 登录
[2020-9-6 11:25:22 ├F10: PM┤]  用户: 123 操作了: 登录
[2020-9-6 11:42:42 ├F10: PM┤]  用户: 123 操作了: 登录
[2020-9-6 11:52:22 ├F10: PM┤]  用户: 123 操作了: 创建输入表单失败  事项代码为:111111111111CCCCCCCCCCCCCCCCCCC
[2020-9-6 11:59:00 ├F10: PM┤]  用户: 123 操作了: 创建输入表单失败  事项代码为:111111111111CCCCCCCCCCCCCCCCCCC
[2020-9-6 11:59:08 ├F10: PM┤]  用户: 123 操作了: 创建输入表单失败  事项代码为:111111111111CCCCCCCCCCCCCCCCCCC
[2020-9-6 11:59:17 ├F10: PM┤]  用户: 123 操作了: 创建输入表单失败  事项代码为:111111111111CCCCCCCCCCCCCCCCCCC
[2020-9-7 1:30:19 ├F10: AM┤]  用户: root 操作了: 登录
[2020-9-7 1:30:42 ├F10: AM┤]  用户: root 操作了: 创建输入表单失败  事项代码为:2222222222222222222222222222222
[2020-9-7 1:43:00 ├F10: AM┤]  用户: root 操作了: 创建输入表单成功  事项代码为:22222222222222222222CCCCCCCCCCC
[2020-9-7 1:59:59 ├F10: AM┤]  用户: 123 操作了: 登录
[2020-9-7 12:07:46]  用户: root 操作了: 创建输入表单成功  事项代码为:test213123134534534dfgsdfds534534523123
[2020-9-7 12:08:20]  用户: root 操作了: 登录
[2020-9-7 12:09:39]  用户: root 操作了: 创建输入表单成功  事项代码为:22222222222222222222222222222XX
[2020-9-7 12:42:18]  用户: root 操作了: 创建输入表单成功  事项代码为:22222222222222222222222333222XX
[2020-9-7 2:19:41 ├F10: AM┤]  用户: 123 操作了: 登录
[2020-9-7 2:20:09 ├F10: AM┤]  用户: 123 操作了: 登录
[2020-9-7 2:21:13 ├F10: AM┤]  用户: 123 操作了: 创建输入表单成功  事项代码为:3333333333333333333333333333333
[2020-9-7 2:42:29 ├F10: AM┤]  用户: root 操作了: 登录
[2020-9-7 2:43:04 ├F10: AM┤]  用户: root 操作了: 创建输入表单成功  事项代码为:5555555555555555555555555555555
[2020-9-7 2:43:21 ├F10: AM┤]  用户: root 操作了: 查询事项名  事项代码为:
[2020-9-7 2:48:25 ├F10: AM┤]  用户: root 操作了: 创建输入表单失败  事项代码为:5555555555555555555555555555555
[2020-9-7 2:48:39 ├F10: AM┤]  用户: root 操作了: 创建输入表单成功  事项代码为:5555555555555555555555555555554
[2020-9-7 2:48:50 ├F10: AM┤]  用户: root 操作了: 查询事项名  事项代码为:
[2020-9-7 2:56:28 ├F10: AM┤]  用户: root 操作了: 查询事项名  事项代码为:
[2020-9-7 2:58:12 ├F10: AM┤]  用户: root 操作了: 查询事项名  事项代码为:
[2020-9-7 3:00:40 ├F10: AM┤]  用户: root 操作了: 创建输入表单成功  事项代码为:6666666666666666666666666666666
[2020-9-7 3:02:48 ├F10: AM┤]  用户: root 操作了: 查询事项名  事项代码为:
[2020-9-7 11:06:14 ├F10: AM┤]  用户: 123 操作了: 登录
[2020-9-7 11:06:49 ├F10: AM┤]  用户: 123 操作了: 创建输入表单成功  事项代码为:6666666666666666666666666666665
[2020-9-7 11:08:49 ├F10: AM┤]  用户: 123 操作了: 创建输入表单失败  事项代码为:6666666666666666666666666666665
[2020-9-7 11:09:02 ├F10: AM┤]  用户: 123 操作了: 创建输入表单成功  事项代码为:6666666666666666666666666666655
[2020-9-7 11:31:34 ├F10: AM┤]  用户: 123 操作了: 创建输入表单成功  事项代码为:1122222222222222222222222222222
[2020-9-7 12:45:34 ├F10: PM┤]  用户: 123 操作了: 创建输入表单成功  事项代码为:1111111111222222222222222222222
[2020-9-7 1:00:17 ├F10: PM┤]  用户: 123 操作了: 查询事项名  事项代码为:
[2020-9-7 1:02:27 ├F10: PM┤]  用户: 123 操作了: 创建输入表单成功  事项代码为:1111112222222222222222222211111
[2020-9-7 1:17:58 ├F10: PM┤]  用户: 123 操作了: 创建输入表单失败  事项代码为:22222222222222222222CCCCCCCCCC2
[2020-9-7 1:18:11 ├F10: PM┤]  用户: 123 操作了: 创建输入表单成功  事项代码为:22222222222222222222CCCCCCCCCC2
[2020-9-7 1:18:20 ├F10: PM┤]  用户: 123 操作了: 查询事项名  事项代码为:
[2020-9-7 1:48:09 ├F10: PM┤]  用户: 123 操作了: 登录
[2020-9-7 1:48:12 ├F10: PM┤]  用户: 123 操作了: 登录
[2020-9-7 1:48:18 ├F10: PM┤]  用户: 123 操作了: 查询事项名  事项代码为:
[2020-9-7 1:49:25 ├F10: PM┤]  用户: 123 操作了: 创建输入表单成功  事项代码为:3333333333333333333333333333331
[2020-9-7 1:57:33 ├F10: PM┤]  用户: 123 操作了: 查询事项名  事项代码为:
[2020-9-7 3:02:58 ├F10: PM┤]  用户: 123 操作了: 查询事项名  事项代码为:
[2020-9-7 3:13:27 ├F10: PM┤]  用户: 123 操作了: 登录
[2020-9-7 3:13:30 ├F10: PM┤]  用户: 123 操作了: 登录
[2020-9-7 3:13:46 ├F10: PM┤]  用户: 123 操作了: 查询事项名  事项代码为:
[2020-9-7 3:19:18 ├F10: PM┤]  用户: 123 操作了: 查询事项名  事项代码为:
[2020-9-7 3:24:36 ├F10: PM┤]  用户: 123 操作了: 查询事项名  事项代码为:
[2020-9-7 3:28:44 ├F10: PM┤]  用户: 123 操作了: 查询事项名  事项代码为:
[2020-9-7 3:50:05 ├F10: PM┤]  用户: 123 操作了: 查询事项名  事项代码为:
[2020-9-7 3:55:23 ├F10: PM┤]  用户: 123 操作了: 查询事项名  事项代码为:
[2020-9-7 4:07:26 ├F10: PM┤]  用户: 123 操作了: 查询事项名  事项代码为:
[2020-9-7 4:11:59 ├F10: PM┤]  用户: 123 操作了: 登录
[2020-9-7 4:12:04 ├F10: PM┤]  用户: 123 操作了: 查询事项名  事项代码为:
[2020-9-7 4:14:52 ├F10: PM┤]  用户: 123 操作了: 更新事项成功  事项代码为:3333333333333333333333333333331
[2020-9-7 4:18:03 ├F10: PM┤]  用户: root 操作了: 登录
[2020-9-7 4:23:58 ├F10: PM┤]  用户: root 操作了: 创建用户成功
[2020-9-7 4:24:23 ├F10: PM┤]  用户: root 操作了: 查询事项名  事项代码为:
[2020-9-7 4:25:59 ├F10: PM┤]  用户: root 操作了: 登录
[2020-9-7 6:27:27 ├F10: PM┤]  用户: root 操作了: 登录
[2020-9-7 6:28:00 ├F10: PM┤]  用户: root 操作了: 创建输入表单成功  事项代码为:1111222222333333333333333333333
[2020-9-7 6:28:14 ├F10: PM┤]  用户: root 操作了: 查询事项名  事项代码为:
[2020-9-7 6:28:21 ├F10: PM┤]  用户: root 操作了: 更新事项成功  事项代码为:1111222222333333333333333333333
[2020-9-7 6:28:58 ├F10: PM┤]  用户: root 操作了: 更新事项成功  事项代码为:1111222222333333333333333333334
[2020-9-7 7:56:38 ├F10: PM┤]  用户: root 操作了: 查询事项名  事项代码为:
[2020-9-7 8:04:55 ├F10: PM┤]  用户: root 操作了: 创建输入表单成功  事项代码为:1112222222222222222222222222222
[2020-9-7 11:45:29 ├F10: PM┤]  用户: 123 操作了: 登录
[2020-9-7 11:45:31 ├F10: PM┤]  用户: 123 操作了: 登录
[2020-9-7 11:46:11 ├F10: PM┤]  用户: 123 操作了: 删除记录成功  事项代码为:1111111111111111111111111111111
[2020-9-7 11:46:12 ├F10: PM┤]  用户: 123 操作了: 删除记录成功  事项代码为:11440100696927671X3442011817001
[2020-9-7 11:46:13 ├F10: PM┤]  用户: 123 操作了: 删除记录成功  事项代码为:1111111111111111111111111111222
[2020-9-8 12:11:18 ├F10: AM┤]  用户: 123 操作了: 登录
[2020-9-8 12:11:23 ├F10: AM┤]  用户: 123 操作了: 登录
[2020-9-8 12:12:18 ├F10: AM┤]  用户: 123 操作了: 查询事项名  事项代码为:
[2020-9-8 12:12:32 ├F10: AM┤]  用户: root 操作了: 登录
[2020-9-8 12:12:37 ├F10: AM┤]  用户: root 操作了: 查询事项名  事项代码为:
[2020-9-8 12:12:44 ├F10: AM┤]  用户: root 操作了: 查询事项名  事项代码为:
[2020-9-8 12:16:41 ├F10: AM┤]  用户: root 操作了: 创建输入表单成功  事项代码为:11440100696927671X3442011817001
[2020-9-8 12:16:56 ├F10: AM┤]  用户: root 操作了: 查询事项名  事项代码为:
[2020-9-8 12:22:18 ├F10: AM┤]  用户: root 操作了: 查询事项名  事项代码为:

[2020-9-8 14:27:42]  用户: root 操作了: 登录
[2020-9-8 15:03:55]  用户: root 操作了: 登录
[2020-9-8 15:17:23]  用户: root 操作了: 更新事项成功  事项代码为:11440100696927671X3442011817001
[2020-9-8 15:19:37]  用户: root 操作了: 登录
[2020-9-8 8:52:02 ├F10: PM┤]  用户: root 操作了: 登录
[2020-9-8 8:59:52 ├F10: PM┤]  用户: root 操作了: 创建用户成功
[2020-9-8 9:20:45 ├F10: PM┤]  用户: root 操作了: 登录
[2020-9-8 9:21:03 ├F10: PM┤]  用户: root 操作了: 创建用户成功
[2020-9-8 9:24:00 ├F10: PM┤]  用户: root 操作了: 创建用户成功
[2020-9-8 9:28:01 ├F10: PM┤]  用户: root 操作了: 创建输入表单成功  事项代码为:11440100696927671X3442011817001
[2020-9-8 9:38:20 ├F10: PM┤]  用户: root 操作了: 修改密码成功
[2020-9-8 9:38:37 ├F10: PM┤]  用户: root 操作了: 修改密码成功
[2020-9-8 9:50:18 ├F10: PM┤]  用户: root 操作了: 登录
[2020-9-8 9:50:36 ├F10: PM┤]  用户: root 操作了: 创建用户成功
[2020-9-8 9:55:21 ├F10: PM┤]  用户: root 操作了: 删除记录成功  事项代码为:11440100696927671X3442011817001
[2020-9-8 10:10:15 ├F10: PM┤]  用户: root 操作了: 创建输入表单成功  事项代码为:11440100696927671X3442011817001
[2020-9-22 10:06:14 ├F10: PM┤]  用户: root 操作了: 登录
[2020-9-22 10:06:20 ├F10: PM┤]  用户: root 操作了: 登录
[2020-9-22 10:08:16 ├F10: PM┤]  用户: root 操作了: 创建输入表单成功  事项代码为:1111111111111111111111111111111
[2020-9-22 10:33:02 ├F10: PM┤]  用户: root 操作了: 登录
[2020-9-22 10:34:16 ├F10: PM┤]  用户: root 操作了: 更新事项成功  事项代码为:1111111111111111111111111111111
[2020-9-24 6:44:44 ├F10: PM┤]  用户: root 操作了: 登录
[2020-9-24 6:47:30 ├F10: PM┤]  用户: root 操作了: 创建输入表单成功  事项代码为:2222222222222222222222222222222
[2020-9-24 6:47:51 ├F10: PM┤]  用户: root 操作了: 删除记录成功  事项代码为:2222222222222222222222222222222
[2020-9-24 6:50:35 ├F10: PM┤]  用户: root 操作了: 创建输入表单成功  事项代码为:2222222222222222222222222222222
[2020-9-24 6:52:03 ├F10: PM┤]  用户: root 操作了: 删除记录成功  事项代码为:2222222222222222222222222222222
[2020-9-24 6:52:53 ├F10: PM┤]  用户: root 操作了: 创建输入表单成功  事项代码为:2222222222222222222222222222222
[2020-9-24 6:54:43 ├F10: PM┤]  用户: root 操作了: 创建输入表单失败  事项代码为:2222222222222222222222222222222
[2020-9-24 6:54:54 ├F10: PM┤]  用户: root 操作了: 创建输入表单成功  事项代码为:2222222222222222222222222222221
[2020-9-24 7:49:52 ├F10: PM┤]  用户: root 操作了: 创建输入表单失败  事项代码为:2222222222222222222222222222221
[2020-9-24 7:50:04 ├F10: PM┤]  用户: root 操作了: 创建输入表单成功  事项代码为:2222222222222222222222422222221
[2021-1-8 9:20:52 ├F10: PM┤]  用户: root 操作了: 登录
[2021-1-8 9:23:02 ├F10: PM┤]  用户: root 操作了: 创建用户成功
[2021-1-8 9:47:10 ├F10: PM┤]  用户: root 操作了: 登录
[2021-1-8 11:11:28 ├F10: PM┤]  用户: root 操作了: 登录
[2021-1-8 11:14:35 ├F10: PM┤]  用户: root 操作了: 登录
[2021-1-8 11:17:34 ├F10: PM┤]  用户: root 操作了: 修改密码成功
[2021-1-8 11:17:45 ├F10: PM┤]  用户: root 操作了: 登录
[2021-1-8 11:40:08 ├F10: PM┤]  用户: root 操作了: 更新事项失败  事项代码为:12312312397979
[2021-1-9 1:25:50 ├F10: AM┤]  用户: root 操作了: 登录
[2021-1-9 1:34:21 ├F10: AM┤]  用户: root 操作了: 登录
[2021-1-9 1:34:39 ├F10: AM┤]  用户: root 操作了: 创建输入表单失败  事项代码为:11
[2021-1-9 1:35:01 ├F10: AM┤]  用户: root 操作了: 创建输入表单失败  事项代码为:11
[2021-1-9 1:51:05 ├F10: AM┤]  用户: root 操作了: 创建用户成功
[2021-1-9 1:51:22 ├F10: AM┤]  用户: root 操作了: 删除记录成功  事项代码为:123123123
[2021-1-9 1:53:07 ├F10: AM┤]  用户: root 操作了: 修改密码成功
[2021-1-9 1:53:58 ├F10: AM┤]  用户: root 操作了: 登录
[2021-1-9 1:54:15 ├F10: AM┤]  用户: root 操作了: 创建输入表单失败  事项代码为:11
[2021-1-9 1:56:55 ├F10: AM┤]  用户: root 操作了: 登录
[2021-1-9 1:57:13 ├F10: AM┤]  用户: root 操作了: 创建输入表单失败  事项代码为:11
[2021-1-9 2:00:40 ├F10: AM┤]  用户: root 操作了: 登录
[2021-1-9 2:19:17 ├F10: AM┤]  用户: root 操作了: 登录
[2021-1-9 2:19:44 ├F10: AM┤]  用户: root 操作了: 创建输入表单成功  事项代码为:11
[2021-1-9 2:20:41 ├F10: AM┤]  用户: root 操作了: 登录
[2021-1-9 2:21:25 ├F10: AM┤]  用户: root 操作了: 登录
[2021-1-9 2:21:49 ├F10: AM┤]  用户: root 操作了: 登录
[2021-1-9 2:22:20 ├F10: AM┤]  用户: root 操作了: 登录
[2021-1-9 2:22:42 ├F10: AM┤]  用户: root 操作了: 创建输入表单失败  事项代码为:11
[2021-1-9 2:23:02 ├F10: AM┤]  用户: root 操作了: 创建输入表单失败  事项代码为:11
[2021-1-9 2:23:22 ├F10: AM┤]  用户: root 操作了: 登录
[2021-1-9 2:24:04 ├F10: AM┤]  用户: root 操作了: 创建输入表单成功  事项代码为:111
[2021-1-9 2:24:31 ├F10: AM┤]  用户: root 操作了: 登录
[2021-1-9 2:25:00 ├F10: AM┤]  用户: root 操作了: 创建输入表单成功  事项代码为:2
[2021-1-9 2:27:09 ├F10: AM┤]  用户: root 操作了: 创建输入表单失败  事项代码为:12
[2021-1-9 2:27:19 ├F10: AM┤]  用户: root 操作了: 创建输入表单失败  事项代码为:12
[2021-1-9 2:27:33 ├F10: AM┤]  用户: root 操作了: 创建输入表单成功  事项代码为:12
[2021-1-9 9:54:24 ├F10: AM┤]  用户: root 操作了: 登录
[2021-1-9 9:56:34 ├F10: AM┤]  用户: root 操作了: 创建输入表单失败  事项代码为:123
[2021-1-9 10:03:14 ├F10: AM┤]  用户: root 操作了: 创建输入表单成功  事项代码为:12311
[2021-1-9 10:10:32 ├F10: AM┤]  用户: root 操作了: 登录
[2021-1-9 10:10:41 ├F10: AM┤]  用户: root 操作了: 删除记录成功  事项代码为:11
[2021-1-9 10:10:42 ├F10: AM┤]  用户: root 操作了: 删除记录成功  事项代码为:111
[2021-1-9 10:10:42 ├F10: AM┤]  用户: root 操作了: 删除记录成功  事项代码为:2
[2021-1-9 10:10:42 ├F10: AM┤]  用户: root 操作了: 删除记录成功  事项代码为:12
[2021-1-9 10:11:26 ├F10: AM┤]  用户: root 操作了: 创建输入表单成功  事项代码为:9
[2021-1-9 10:14:43 ├F10: AM┤]  用户: root 操作了: 创建输入表单成功  事项代码为:99
[2021-1-9 10:20:07 ├F10: AM┤]  用户: root 操作了: 登录
[2021-1-9 10:20:19 ├F10: AM┤]  用户: root 操作了: 更新事项成功  事项代码为:99
[2021/4/4 下午3:26:12]  用户: root 操作了: 登录
[2021/4/4 下午3:27:06]  用户: root 操作了: 创建输入表单成功  事项代码为:12345
[2021/4/4 下午3:27:15]  用户: root 操作了: 查询事项名  事项代码为:
[2021/4/4 下午3:27:17]  用户: root 操作了: 查询事项名  事项代码为:
[2021/4/4 下午3:27:22]  用户: root 操作了: 查询事项名  事项代码为:
[2021/4/4 下午3:27:26]  用户: root 操作了: 查询事项名  事项代码为:
[2021/4/4 下午5:35:36]  用户: root 操作了: 登录
[2021/4/4 下午5:36:34]  用户: root 操作了: 登录
[2021/4/4 下午5:36:49]  用户: root 操作了: 创建用户成功
[2021/4/6 下午3:00:07]  用户: user1 操作了: 登录
[2021/4/6 下午3:01:06]  用户: user1 操作了: 创建输入表单成功  事项代码为:1212
[2021/4/7 下午3:11:33]  用户: user1 操作了: 创建输入表单成功  事项代码为:12345
[2021/4/8 下午3:00:32]  用户: user1 操作了: 登录
[2021/4/8 下午4:07:12]  用户: user1 操作了: 创建输入表单成功  事项代码为:9090
[2021/4/8 下午4:09:45]  用户: user1 操作了: 创建输入表单成功  事项代码为:3434
[2021/4/9 下午3:16:07]  用户: user1 操作了: 创建输入表单成功  事项代码为:4545
[2021/4/12 下午3:52:57]  用户: user1 操作了: 登录
[2021/4/12 下午4:48:23]  用户: user1 操作了: 更新事项成功  事项代码为:4545
[2021/4/12 下午4:50:02]  用户: user1 操作了: 更新事项成功  事项代码为:4545
[2021/4/12 下午4:51:44]  用户: user1 操作了: 更新事项成功  事项代码为:4545
[2021/4/12 下午4:58:45]  用户: user1 操作了: 更新事项成功  事项代码为:4545
[2021/4/12 下午9:43:30]  用户: user1 操作了: 更新事项成功  事项代码为:4545
[2021/4/14 下午4:46:34]  用户: user1 操作了: 登录
[2021/4/16 下午4:35:07]  用户: user1 操作了: 登录
[2021/4/20 下午12:01:36]  用户: root 操作了: 登录
[2021/4/25 下午1:09:19]  用户: root 操作了: 登录
[2021/4/27 上午12:52:50]  用户: root 操作了: 创建输入表单成功  事项代码为:123
[2021/4/27 上午12:55:58]  用户: root 操作了: 创建输入表单成功  事项代码为:78787
[2021/4/27 上午12:57:46]  用户: root 操作了: 更新事项成功  事项代码为:9090
[2021/4/27 上午11:15:55]  用户: root 操作了: 更新事项成功  事项代码为:00012
[2021/4/27 下午4:17:41]  用户: root 操作了: 更新事项成功  事项代码为:00012
[2021/5/5 下午4:24:33]  用户: user1 操作了: 登录
[2021/5/5 下午4:26:00]  用户: user1 操作了: 创建输入表单成功  事项代码为:5656
[2021/5/5 下午4:45:43]  用户: user1 操作了: 更新事项成功  事项代码为:9090
[2021/5/5 下午4:52:32]  用户: user1 操作了: 删除记录成功  事项代码为:5656
[2021/5/8 下午4:41:23]  用户: user1 操作了: 登录
[2021/5/10 下午4:07:28]  用户: user1 操作了: 创建输入表单成功  事项代码为:345223
[2021/5/13 下午2:30:00]  用户: user1 操作了: 登录
[2021/5/13 下午3:26:18]  用户: user1 操作了: 登录
[2021/5/13 下午5:16:17]  用户: root 操作了: 登录
[2021/5/13 下午7:00:13]  用户: root 操作了: 登录
[2021/5/13 下午7:01:09]  用户: user1 操作了: 登录
[2021/5/13 下午7:01:18]  用户: root 操作了: 登录
[2021/5/13 下午7:01:25]  用户: root 操作了: 登录
[2021/5/13 下午7:01:40]  用户: root 操作了: 创建用户成功
[2021/5/13 下午7:01:49]  用户: user2 操作了: 登录
[2021/5/13 下午7:02:01]  用户: user2 操作了: 修改密码成功
[2021/5/13 下午7:07:43]  用户: user1 操作了: 登录
[2021/5/13 下午7:21:39]  用户: user1 操作了: 删除记录成功  事项代码为:345223
[2021/5/13 下午7:30:51]  用户: root 操作了: 登录
[2021/5/13 下午7:31:58]  用户: root 操作了: 创建用户成功
[2021/5/22 下午4:04:17]  用户: root 操作了: 登录
[2021/5/23 下午7:52:03]  用户: root 操作了: 登录
[2021/5/23 下午7:52:17]  用户: root 操作了: 创建用户成功
[2021/5/23 下午7:52:27]  用户: user1 操作了: 登录
[2021/5/23 下午7:55:11]  用户: user1 操作了: 创建输入表单成功  事项代码为:00001
[2021/5/23 下午8:13:50]  用户: user1 操作了: 登录
[2021/5/23 下午8:39:23]  用户: user1 操作了: 登录
[2021/5/23 下午10:09:00]  用户: root 操作了: 登录
[2021/5/23 下午10:09:22]  用户: root 操作了: 创建用户成功
[2021/6/1 下午6:02:12]  用户: user1 操作了: 登录
[2021/6/1 下午6:14:33]  用户: user1 操作了: 登录
[2021/6/1 下午6:18:35]  用户: user1 操作了: 登录
[2021/6/1 下午6:20:47]  用户: user1 操作了: 登录
[2021/6/1 下午6:20:56]  用户: user1 操作了: 登录
[2021/6/1 下午6:24:28]  用户: user1 操作了: 登录
[2021/6/1 下午6:24:51]  用户: user1 操作了: 登录
[2021/6/1 下午6:26:08]  用户: user1 操作了: 登录
[2021/6/1 下午6:26:16]  用户: user1 操作了: 登录
[2021/6/1 下午6:28:39]  用户: user1 操作了: 登录
[2021/6/1 下午6:31:20]  用户: user1 操作了: 登录
[2021/6/1 下午6:32:49]  用户: user1 操作了: 登录
[2021/6/1 下午6:33:26]  用户: user1 操作了: 登录
[2021/6/1 下午6:34:00]  用户: user1 操作了: 登录
[2021/6/1 下午6:40:39]  用户: user1 操作了: 登录
[2021/6/1 下午6:43:40]  用户: user1 操作了: 登录
[2021/6/1 下午6:45:27]  用户: user1 操作了: 登录
[2021/6/1 下午6:45:37]  用户: user1 操作了: 创建输入表单成功  事项代码为:1144010400749649104440511004005
[2021/6/1 下午6:45:37]  用户: user1 操作了: 创建输入表单失败  事项代码为:1144010500749949XT4440511004005
[2021/6/1 下午6:45:37]  用户: user1 操作了: 创建输入表单失败  事项代码为:1144010600750851XC4440511004005
[2021/6/1 下午6:45:37]  用户: user1 操作了: 创建输入表单失败  事项代码为:11440103007493506P4440511004005
[2021/6/1 下午6:45:37]  用户: user1 操作了: 创建输入表单失败  事项代码为:11440111007502521J4440511004005
[2021/6/1 下午6:45:37]  用户: user1 操作了: 创建输入表单失败  事项代码为:11440113552366115E4440511004005
[2021/6/1 下午6:45:37]  用户: user1 操作了: 创建输入表单失败  事项代码为:11440115783785421N4440511004005
[2021/6/1 下午6:45:37]  用户: user1 操作了: 创建输入表单失败  事项代码为:11440112558372292L4440511004005
[2021/6/1 下午6:45:37]  用户: user1 操作了: 创建输入表单失败  事项代码为:11440118007520260Q4440511004005
[2021/6/1 下午6:45:37]  用户: user1 操作了: 创建输入表单失败  事项代码为:11440114007514442K4440511004005
[2021/6/1 下午6:45:37]  用户: user1 操作了: 创建输入表单失败  事项代码为:11440117007517547R4440511004005
[2021/6/1 下午6:51:03]  用户: user1 操作了: 登录
[2021/6/1 下午6:51:08]  用户: user1 操作了: 创建输入表单成功  事项代码为:1144010400749649104440511004005
[2021/6/1 下午6:51:08]  用户: user1 操作了: 创建输入表单失败  事项代码为:1144010500749949XT4440511004005
[2021/6/1 下午6:51:08]  用户: user1 操作了: 创建输入表单失败  事项代码为:11440103007493506P4440511004005
[2021/6/1 下午6:51:08]  用户: user1 操作了: 创建输入表单失败  事项代码为:1144010600750851XC4440511004005
[2021/6/1 下午6:51:08]  用户: user1 操作了: 创建输入表单失败  事项代码为:11440111007502521J4440511004005
[2021/6/1 下午6:51:08]  用户: user1 操作了: 创建输入表单失败  事项代码为:11440112558372292L4440511004005
[2021/6/1 下午6:51:08]  用户: user1 操作了: 创建输入表单失败  事项代码为:11440113552366115E4440511004005
[2021/6/1 下午6:51:08]  用户: user1 操作了: 创建输入表单失败  事项代码为:11440118007520260Q4440511004005
[2021/6/1 下午6:51:08]  用户: user1 操作了: 创建输入表单失败  事项代码为:11440115783785421N4440511004005
[2021/6/1 下午6:51:08]  用户: user1 操作了: 创建输入表单失败  事项代码为:11440114007514442K4440511004005
[2021/6/1 下午6:51:08]  用户: user1 操作了: 创建输入表单失败  事项代码为:11440117007517547R4440511004005
[2021/6/1 下午7:00:40]  用户: user1 操作了: 登录
[2021/6/1 下午7:00:55]  用户: user1 操作了: 登录
[2021/6/1 下午7:25:45]  用户: user1 操作了: 登录
[2021/6/1 下午7:28:21]  用户: user1 操作了: 登录
[2021/6/1 下午7:29:37]  用户: user1 操作了: 登录
[2021/6/1 下午7:30:29]  用户: user1 操作了: 登录
[2021/6/1 下午7:32:16]  用户: user1 操作了: 登录
[2021/6/1 下午7:33:32]  用户: user1 操作了: 登录
[2021/6/1 下午7:34:22]  用户: user1 操作了: 登录
[2021/6/1 下午7:34:57]  用户: user1 操作了: 登录
[2021/6/1 下午7:35:40]  用户: user1 操作了: 登录
[2021/6/1 下午7:36:15]  用户: user1 操作了: 登录
[2021/6/1 下午7:37:32]  用户: user1 操作了: 登录
[2021/6/1 下午7:39:07]  用户: user1 操作了: 登录
[2021/6/1 下午7:47:08]  用户: user1 操作了: 登录
[2021/6/1 下午7:47:39]  用户: user1 操作了: 登录
[2021/6/1 下午7:48:43]  用户: user1 操作了: 登录
[2021/6/1 下午7:49:09]  用户: user1 操作了: 登录
[2021/6/1 下午7:58:44]  用户: user1 操作了: 登录
[2021/6/1 下午8:00:25]  用户: user1 操作了: 登录
[2021/6/1 下午8:01:53]  用户: user1 操作了: 登录
[2021/6/1 下午8:01:59]  用户: user1 操作了: 创建输入表单成功  事项代码为:——
[2021/6/1 下午8:02:01]  用户: user1 操作了: 创建输入表单失败  事项代码为:1144010500749949XT4440511004003
[2021/6/1 下午8:02:05]  用户: user1 操作了: 创建输入表单失败  事项代码为:11440103007493506P4440511004003
[2021/6/1 下午8:02:05]  用户: user1 操作了: 创建输入表单失败  事项代码为:1144010600750851XC4440511004003
[2021/6/1 下午8:02:06]  用户: user1 操作了: 创建输入表单失败  事项代码为:11440111007502521J4440511004003
[2021/6/1 下午8:02:06]  用户: user1 操作了: 创建输入表单失败  事项代码为:11440112558372292L4440511004003
[2021/6/1 下午8:02:07]  用户: user1 操作了: 创建输入表单失败  事项代码为:11440113552366115E4440511004004
[2021/6/1 下午8:02:08]  用户: user1 操作了: 创建输入表单失败  事项代码为:11440115783785421N4440511004003
[2021/6/1 下午8:02:08]  用户: user1 操作了: 创建输入表单失败  事项代码为:——
[2021/6/1 下午8:04:33]  用户: user1 操作了: 登录
[2021/6/1 下午8:05:10]  用户: user1 操作了: 创建输入表单失败  事项代码为:——
[2021/6/1 下午8:05:11]  用户: user1 操作了: 创建输入表单失败  事项代码为:1144010500749949XT4440511004003
[2021/6/1 下午8:05:12]  用户: user1 操作了: 创建输入表单失败  事项代码为:11440103007493506P4440511004003
[2021/6/1 下午8:05:13]  用户: user1 操作了: 创建输入表单失败  事项代码为:1144010600750851XC4440511004003
[2021/6/1 下午8:05:14]  用户: user1 操作了: 创建输入表单失败  事项代码为:11440111007502521J4440511004003
[2021/6/1 下午8:05:15]  用户: user1 操作了: 创建输入表单失败  事项代码为:11440112558372292L4440511004003
[2021/6/1 下午8:05:16]  用户: user1 操作了: 创建输入表单失败  事项代码为:11440113552366115E4440511004004
[2021/6/1 下午8:05:16]  用户: user1 操作了: 创建输入表单失败  事项代码为:11440115783785421N4440511004003
[2021/6/1 下午8:05:18]  用户: user1 操作了: 创建输入表单失败  事项代码为:——
[2021/6/1 下午8:09:23]  用户: user1 操作了: 创建输入表单成功  事项代码为: 
[2021/6/1 下午8:09:25]  用户: user1 操作了: 创建输入表单失败  事项代码为: 
[2021/6/1 下午8:09:26]  用户: user1 操作了: 创建输入表单失败  事项代码为: 
[2021/6/1 下午8:09:27]  用户: user1 操作了: 创建输入表单失败  事项代码为: 
[2021/6/1 下午8:09:28]  用户: user1 操作了: 创建输入表单失败  事项代码为: 
[2021/6/1 下午8:09:29]  用户: user1 操作了: 创建输入表单失败  事项代码为: 
[2021/6/1 下午8:09:30]  用户: user1 操作了: 创建输入表单失败  事项代码为: 
[2021/6/1 下午8:09:31]  用户: user1 操作了: 创建输入表单失败  事项代码为: 
[2021/6/1 下午8:09:32]  用户: user1 操作了: 创建输入表单失败  事项代码为: 
[2021/6/1 下午8:09:33]  用户: user1 操作了: 创建输入表单失败  事项代码为: 
[2021/6/1 下午8:09:33]  用户: user1 操作了: 创建输入表单失败  事项代码为: 
[2021/6/1 下午8:21:55]  用户: user1 操作了: 登录
[2021/6/1 下午8:22:01]  用户: user1 操作了: 创建输入表单失败  事项代码为:——
[2021/6/1 下午8:22:02]  用户: user1 操作了: 创建输入表单失败  事项代码为:1144010500749949XT4440511004003
[2021/6/1 下午8:22:04]  用户: user1 操作了: 创建输入表单失败  事项代码为:11440103007493506P4440511004003
[2021/6/1 下午8:22:05]  用户: user1 操作了: 创建输入表单失败  事项代码为:1144010600750851XC4440511004003
[2021/6/1 下午8:22:06]  用户: user1 操作了: 创建输入表单失败  事项代码为:11440111007502521J4440511004003
[2021/6/1 下午8:22:07]  用户: user1 操作了: 创建输入表单失败  事项代码为:11440112558372292L4440511004003
[2021/6/1 下午8:22:07]  用户: user1 操作了: 创建输入表单失败  事项代码为:11440113552366115E4440511004004
[2021/6/1 下午8:22:08]  用户: user1 操作了: 创建输入表单失败  事项代码为:11440115783785421N4440511004003
[2021/6/1 下午8:22:09]  用户: user1 操作了: 创建输入表单失败  事项代码为:——
[2021/6/1 下午8:23:02]  用户: user1 操作了: 创建输入表单失败  事项代码为: 
[2021/6/1 下午8:23:03]  用户: user1 操作了: 创建输入表单失败  事项代码为: 
[2021/6/1 下午8:23:03]  用户: user1 操作了: 创建输入表单失败  事项代码为: 
[2021/6/1 下午8:23:04]  用户: user1 操作了: 创建输入表单失败  事项代码为: 
[2021/6/1 下午8:23:05]  用户: user1 操作了: 创建输入表单失败  事项代码为: 
[2021/6/1 下午8:23:05]  用户: user1 操作了: 创建输入表单失败  事项代码为: 
[2021/6/1 下午8:23:06]  用户: user1 操作了: 创建输入表单失败  事项代码为: 
[2021/6/1 下午8:23:06]  用户: user1 操作了: 创建输入表单失败  事项代码为: 
[2021/6/1 下午8:23:07]  用户: user1 操作了: 创建输入表单失败  事项代码为: 
[2021/6/1 下午8:23:08]  用户: user1 操作了: 创建输入表单失败  事项代码为: 
[2021/6/1 下午8:23:09]  用户: user1 操作了: 创建输入表单失败  事项代码为: 
[2021/6/1 下午8:24:41]  用户: user1 操作了: 登录
[2021/6/1 下午8:24:48]  用户: user1 操作了: 创建输入表单成功  事项代码为:1144010400749649104442111731006
[2021/6/1 下午8:24:49]  用户: user1 操作了: 创建输入表单失败  事项代码为:1144010500749949XT4442111731006
[2021/6/1 下午8:24:51]  用户: user1 操作了: 创建输入表单失败  事项代码为:11440103007493506P4442111731006
[2021/6/1 下午8:24:52]  用户: user1 操作了: 创建输入表单失败  事项代码为:1144010600750851XC4442111731006
[2021/6/1 下午8:24:53]  用户: user1 操作了: 创建输入表单失败  事项代码为:11440111007502521J4442111731006
[2021/6/1 下午8:24:54]  用户: user1 操作了: 创建输入表单失败  事项代码为:11440112558372292L4442111731006
[2021/6/1 下午8:24:54]  用户: user1 操作了: 创建输入表单失败  事项代码为:11440113552366115E4442111731006
[2021/6/1 下午8:24:55]  用户: user1 操作了: 创建输入表单失败  事项代码为:11440115783785421N4442111731006
[2021/6/1 下午8:24:56]  用户: user1 操作了: 创建输入表单失败  事项代码为:11440118007520260Q4442111731006
[2021/6/1 下午8:24:56]  用户: user1 操作了: 创建输入表单失败  事项代码为:11440114007514442K4442111731006
[2021/6/1 下午8:24:57]  用户: user1 操作了: 创建输入表单失败  事项代码为:11440117007517547R4442111731006
[2021/6/1 下午8:25:44]  用户: user1 操作了: 创建输入表单失败  事项代码为:1144010400749649104442111731006
[2021/6/1 下午8:25:46]  用户: user1 操作了: 创建输入表单失败  事项代码为:1144010500749949XT4442111731006
[2021/6/1 下午8:25:47]  用户: user1 操作了: 创建输入表单失败  事项代码为:11440103007493506P4442111731006
[2021/6/1 下午8:25:48]  用户: user1 操作了: 创建输入表单失败  事项代码为:1144010600750851XC4442111731006
[2021/6/1 下午8:25:49]  用户: user1 操作了: 创建输入表单失败  事项代码为:11440111007502521J4442111731006
[2021/6/1 下午8:25:50]  用户: user1 操作了: 创建输入表单失败  事项代码为:11440112558372292L4442111731006
[2021/6/1 下午8:25:51]  用户: user1 操作了: 创建输入表单失败  事项代码为:11440113552366115E4442111731006
[2021/6/1 下午8:25:51]  用户: user1 操作了: 创建输入表单失败  事项代码为:11440115783785421N4442111731006
[2021/6/1 下午8:25:52]  用户: user1 操作了: 创建输入表单失败  事项代码为:11440118007520260Q4442111731006
[2021/6/1 下午8:25:53]  用户: user1 操作了: 创建输入表单失败  事项代码为:11440114007514442K4442111731006
[2021/6/1 下午8:25:55]  用户: user1 操作了: 创建输入表单失败  事项代码为:11440117007517547R4442111731006
[2021/6/1 下午8:30:53]  用户: user1 操作了: 登录
[2021/6/1 下午8:31:17]  用户: user1 操作了: 创建输入表单成功  事项代码为:——
[2021/6/1 下午8:31:19]  用户: user1 操作了: 创建输入表单成功  事项代码为:1144010500749949XT4440511004003
[2021/6/1 下午8:31:20]  用户: user1 操作了: 创建输入表单成功  事项代码为:11440103007493506P4440511004003
[2021/6/1 下午8:31:20]  用户: user1 操作了: 创建输入表单成功  事项代码为:1144010600750851XC4440511004003
[2021/6/1 下午8:31:22]  用户: user1 操作了: 创建输入表单成功  事项代码为:11440111007502521J4440511004003
[2021/6/1 下午8:31:23]  用户: user1 操作了: 创建输入表单成功  事项代码为:11440112558372292L4440511004003
[2021/6/1 下午8:31:24]  用户: user1 操作了: 创建输入表单成功  事项代码为:11440113552366115E4440511004004
[2021/6/1 下午8:31:25]  用户: user1 操作了: 创建输入表单成功  事项代码为:11440115783785421N4440511004003
[2021/6/1 下午8:31:25]  用户: user1 操作了: 创建输入表单失败  事项代码为:——
[2021/6/1 下午8:34:58]  用户: user1 操作了: 创建输入表单成功  事项代码为: 
[2021/6/1 下午8:34:59]  用户: user1 操作了: 创建输入表单失败  事项代码为: 
[2021/6/1 下午8:35:07]  用户: user1 操作了: 创建输入表单失败  事项代码为: 
[2021/6/1 下午8:35:07]  用户: user1 操作了: 创建输入表单失败  事项代码为: 
[2021/6/1 下午8:35:08]  用户: user1 操作了: 创建输入表单失败  事项代码为: 
[2021/6/1 下午8:35:09]  用户: user1 操作了: 创建输入表单失败  事项代码为: 
[2021/6/1 下午8:35:10]  用户: user1 操作了: 创建输入表单失败  事项代码为: 
[2021/6/1 下午8:35:10]  用户: user1 操作了: 创建输入表单失败  事项代码为: 
[2021/6/1 下午8:35:11]  用户: user1 操作了: 创建输入表单失败  事项代码为: 
[2021/6/1 下午8:35:12]  用户: user1 操作了: 创建输入表单失败  事项代码为: 
[2021/6/1 下午8:35:12]  用户: user1 操作了: 创建输入表单失败  事项代码为: 
[2021/6/1 下午8:35:58]  用户: user1 操作了: 创建输入表单失败  事项代码为: 
[2021/6/1 下午8:35:59]  用户: user1 操作了: 创建输入表单失败  事项代码为: 
[2021/6/1 下午8:36:03]  用户: user1 操作了: 创建输入表单失败  事项代码为: 
[2021/6/1 下午8:36:04]  用户: user1 操作了: 创建输入表单失败  事项代码为: 
[2021/6/1 下午8:36:04]  用户: user1 操作了: 创建输入表单失败  事项代码为: 
[2021/6/1 下午8:36:05]  用户: user1 操作了: 创建输入表单失败  事项代码为: 
[2021/6/1 下午8:36:06]  用户: user1 操作了: 创建输入表单失败  事项代码为: 
[2021/6/1 下午8:36:06]  用户: user1 操作了: 创建输入表单失败  事项代码为: 
[2021/6/1 下午8:36:07]  用户: user1 操作了: 创建输入表单失败  事项代码为: 
[2021/6/1 下午8:36:08]  用户: user1 操作了: 创建输入表单失败  事项代码为: 
[2021/6/1 下午8:36:09]  用户: user1 操作了: 创建输入表单失败  事项代码为: 
[2021/6/1 下午8:36:40]  用户: user1 操作了: 登录
[2021/6/1 下午8:36:48]  用户: user1 操作了: 创建输入表单成功  事项代码为:1144010400749649104442111731006
[2021/6/1 下午8:36:48]  用户: user1 操作了: 创建输入表单成功  事项代码为:1144010500749949XT4442111731006
[2021/6/1 下午8:36:48]  用户: user1 操作了: 创建输入表单成功  事项代码为:11440103007493506P4442111731006
[2021/6/1 下午8:36:48]  用户: user1 操作了: 创建输入表单成功  事项代码为:1144010600750851XC4442111731006
[2021/6/1 下午8:36:48]  用户: user1 操作了: 创建输入表单成功  事项代码为:11440111007502521J4442111731006
[2021/6/1 下午8:36:48]  用户: user1 操作了: 创建输入表单成功  事项代码为:11440112558372292L4442111731006
[2021/6/1 下午8:36:48]  用户: user1 操作了: 创建输入表单成功  事项代码为:11440113552366115E4442111731006
[2021/6/1 下午8:36:48]  用户: user1 操作了: 创建输入表单成功  事项代码为:11440115783785421N4442111731006
[2021/6/1 下午8:36:48]  用户: user1 操作了: 创建输入表单成功  事项代码为:11440118007520260Q4442111731006
[2021/6/1 下午8:36:48]  用户: user1 操作了: 创建输入表单成功  事项代码为:11440114007514442K4442111731006
[2021/6/1 下午8:36:48]  用户: user1 操作了: 创建输入表单成功  事项代码为:11440117007517547R4442111731006
[2021/6/1 下午8:36:58]  用户: user1 操作了: 创建输入表单失败  事项代码为:1144010400749649104442111731006
[2021/6/1 下午8:36:58]  用户: user1 操作了: 创建输入表单失败  事项代码为:1144010500749949XT4442111731006
[2021/6/1 下午8:36:58]  用户: user1 操作了: 创建输入表单成功  事项代码为:11440103007493506P4442111731002
[2021/6/1 下午8:36:58]  用户: user1 操作了: 创建输入表单成功  事项代码为:1144010600750851XC4442111731002
[2021/6/1 下午8:36:58]  用户: user1 操作了: 创建输入表单成功  事项代码为:11440111007502521J4442111731002
[2021/6/1 下午8:36:59]  用户: user1 操作了: 创建输入表单成功  事项代码为:11440112558372292L4442111731002
[2021/6/1 下午8:36:59]  用户: user1 操作了: 创建输入表单成功  事项代码为:11440113552366115E4442111731002
[2021/6/1 下午8:36:59]  用户: user1 操作了: 创建输入表单成功  事项代码为:11440115783785421N4442111731002
[2021/6/1 下午8:36:59]  用户: user1 操作了: 创建输入表单成功  事项代码为:11440118007520260Q4442111731002
[2021/6/1 下午8:36:59]  用户: user1 操作了: 创建输入表单失败  事项代码为:——
[2021/6/1 下午8:36:59]  用户: user1 操作了: 创建输入表单成功  事项代码为:一
[2021/6/1 下午8:53:15]  用户: user1 操作了: 登录
[2021/6/1 下午8:53:30]  用户: user1 操作了: 创建输入表单失败  事项代码为:——
[2021/6/1 下午8:53:30]  用户: user1 操作了: 创建输入表单失败  事项代码为:——
[2021/6/1 下午8:53:30]  用户: user1 操作了: 创建输入表单失败  事项代码为:——
[2021/6/1 下午8:53:30]  用户: user1 操作了: 创建输入表单失败  事项代码为:——
[2021/6/1 下午8:53:30]  用户: user1 操作了: 创建输入表单失败  事项代码为:——
[2021/6/1 下午8:53:30]  用户: user1 操作了: 创建输入表单失败  事项代码为:——
[2021/6/1 下午8:53:30]  用户: user1 操作了: 创建输入表单失败  事项代码为:——
[2021/6/1 下午8:53:30]  用户: user1 操作了: 创建输入表单失败  事项代码为:——
[2021/6/1 下午8:53:30]  用户: user1 操作了: 创建输入表单失败  事项代码为:——
[2021/6/1 下午8:53:30]  用户: user1 操作了: 创建输入表单失败  事项代码为:——
[2021/6/1 下午8:53:30]  用户: user1 操作了: 创建输入表单失败  事项代码为:——
[2021/6/1 下午8:54:06]  用户: user1 操作了: 创建输入表单失败  事项代码为:——
[2021/6/1 下午8:54:11]  用户: user1 操作了: 创建输入表单失败  事项代码为:——
[2021/6/1 下午8:54:11]  用户: user1 操作了: 创建输入表单失败  事项代码为:——
[2021/6/1 下午8:54:16]  用户: user1 操作了: 创建输入表单失败  事项代码为:——
[2021/6/1 下午8:54:30]  用户: user1 操作了: 创建输入表单失败  事项代码为:——
[2021/6/1 下午8:54:42]  用户: user1 操作了: 创建输入表单失败  事项代码为:——
[2021/6/1 下午8:54:42]  用户: user1 操作了: 创建输入表单成功  事项代码为:1144010400749649104440511004002
[2021/6/1 下午8:54:42]  用户: user1 操作了: 创建输入表单失败  事项代码为:——
[2021/6/1 下午8:54:43]  用户: user1 操作了: 创建输入表单成功  事项代码为:1144010500749949XT4440511004002
[2021/6/1 下午8:54:43]  用户: user1 操作了: 创建输入表单失败  事项代码为:——
[2021/6/1 下午8:54:43]  用户: user1 操作了: 创建输入表单失败  事项代码为:——
[2021/6/1 下午8:54:44]  用户: user1 操作了: 创建输入表单失败  事项代码为:——
[2021/6/1 下午8:54:44]  用户: user1 操作了: 创建输入表单成功  事项代码为:11440103007493506P4440511004002
[2021/6/1 下午8:54:44]  用户: user1 操作了: 创建输入表单成功  事项代码为: 一
[2021/6/1 下午8:54:45]  用户: user1 操作了: 创建输入表单成功  事项代码为:1144010600750851XC4440511004002
[2021/6/1 下午8:54:45]  用户: user1 操作了: 创建输入表单成功  事项代码为:11440111007502521J4440511004002
[2021/6/1 下午8:54:45]  用户: user1 操作了: 创建输入表单成功  事项代码为:11440112558372292L4440511004002
[2021/6/1 下午8:54:45]  用户: user1 操作了: 创建输入表单成功  事项代码为:11440113552366115E4440511004002
[2021/6/1 下午8:54:45]  用户: user1 操作了: 创建输入表单成功  事项代码为:11440115783785421N4440511004002
[2021/6/1 下午8:54:45]  用户: user1 操作了: 创建输入表单成功  事项代码为:11440118007520260Q4440511004002
[2021/6/1 下午8:54:45]  用户: user1 操作了: 创建输入表单成功  事项代码为:11440114007514442K4440511004002
[2021/6/1 下午8:54:46]  用户: user1 操作了: 创建输入表单失败  事项代码为:11440118007520260Q4440511004002
[2021/6/1 下午8:55:33]  用户: user1 操作了: 创建输入表单失败  事项代码为:——
[2021/6/1 下午8:55:34]  用户: user1 操作了: 创建输入表单失败  事项代码为:——
[2021/6/1 下午8:55:35]  用户: user1 操作了: 创建输入表单失败  事项代码为:——
[2021/6/1 下午8:55:35]  用户: user1 操作了: 创建输入表单成功  事项代码为:1144010600750851XC4442111820005
[2021/6/1 下午8:55:35]  用户: user1 操作了: 创建输入表单成功  事项代码为:11440111007502521J4442111820005
[2021/6/1 下午8:55:35]  用户: user1 操作了: 创建输入表单成功  事项代码为:11440112558372292L4442111820005
[2021/6/1 下午8:55:36]  用户: user1 操作了: 创建输入表单成功  事项代码为:11440113552366115E4442111820005
[2021/6/1 下午8:55:36]  用户: user1 操作了: 创建输入表单成功  事项代码为:11440115783785421N4442111820005
[2021/6/1 下午8:55:36]  用户: user1 操作了: 创建输入表单失败  事项代码为:——
[2021/6/1 下午8:55:36]  用户: user1 操作了: 创建输入表单失败  事项代码为:——
[2021/6/1 下午8:55:36]  用户: user1 操作了: 创建输入表单成功  事项代码为:11440117007517547R4442111820005
[2021/6/1 下午8:56:00]  用户: user1 操作了: 创建输入表单失败  事项代码为:——
[2021/6/1 下午8:56:00]  用户: user1 操作了: 创建输入表单失败  事项代码为:——
[2021/6/1 下午8:56:01]  用户: user1 操作了: 创建输入表单失败  事项代码为:——
[2021/6/1 下午8:56:02]  用户: user1 操作了: 创建输入表单失败  事项代码为:——
[2021/6/1 下午8:56:03]  用户: user1 操作了: 创建输入表单失败  事项代码为:——
[2021/6/1 下午8:56:04]  用户: user1 操作了: 创建输入表单失败  事项代码为:——
[2021/6/1 下午8:56:05]  用户: user1 操作了: 创建输入表单成功  事项代码为:————
[2021/6/1 下午8:56:09]  用户: user1 操作了: 创建输入表单失败  事项代码为:——
[2021/6/1 下午8:56:10]  用户: user1 操作了: 创建输入表单失败  事项代码为:——
[2021/6/1 下午8:56:10]  用户: user1 操作了: 创建输入表单失败  事项代码为:——
[2021/6/1 下午8:56:11]  用户: user1 操作了: 创建输入表单失败  事项代码为:——
[2021/6/1 下午8:58:02]  用户: user1 操作了: 创建输入表单失败  事项代码为:——
[2021/6/1 下午8:58:03]  用户: user1 操作了: 创建输入表单失败  事项代码为:——
[2021/6/1 下午8:58:03]  用户: user1 操作了: 创建输入表单失败  事项代码为:——
[2021/6/1 下午8:58:05]  用户: user1 操作了: 创建输入表单失败  事项代码为:——
[2021/6/1 下午8:58:08]  用户: user1 操作了: 创建输入表单失败  事项代码为:——
[2021/6/1 下午8:58:12]  用户: user1 操作了: 创建输入表单失败  事项代码为:——
[2021/6/1 下午8:58:17]  用户: user1 操作了: 创建输入表单失败  事项代码为:——
[2021/6/1 下午8:58:36]  用户: user1 操作了: 创建输入表单失败  事项代码为:——
[2021/6/1 下午8:58:37]  用户: user1 操作了: 创建输入表单失败  事项代码为:——
[2021/6/1 下午8:58:38]  用户: user1 操作了: 创建输入表单失败  事项代码为:——
[2021/6/1 下午8:58:38]  用户: user1 操作了: 创建输入表单失败  事项代码为:一
[2021/6/1 下午8:59:56]  用户: user1 操作了: 创建输入表单失败  事项代码为:——
[2021/6/1 下午8:59:57]  用户: user1 操作了: 创建输入表单失败  事项代码为:——
[2021/6/1 下午8:59:57]  用户: user1 操作了: 创建输入表单失败  事项代码为:——
[2021/6/1 下午8:59:58]  用户: user1 操作了: 创建输入表单失败  事项代码为:——
[2021/6/1 下午9:00:00]  用户: user1 操作了: 创建输入表单失败  事项代码为:——
[2021/6/1 下午9:00:00]  用户: user1 操作了: 创建输入表单失败  事项代码为:——
[2021/6/1 下午9:00:02]  用户: user1 操作了: 创建输入表单失败  事项代码为:——
[2021/6/1 下午9:00:03]  用户: user1 操作了: 创建输入表单失败  事项代码为:——
[2021/6/1 下午9:00:13]  用户: user1 操作了: 创建输入表单失败  事项代码为:——
[2021/6/1 下午9:00:14]  用户: user1 操作了: 创建输入表单失败  事项代码为:——
[2021/6/1 下午9:00:16]  用户: user1 操作了: 创建输入表单失败  事项代码为:一
[2021/6/1 下午9:00:17]  用户: user1 操作了: 创建输入表单失败  事项代码为:
[2021/6/1 下午9:00:17]  用户: user1 操作了: 创建输入表单失败  事项代码为:
[2021/6/1 下午9:00:17]  用户: user1 操作了: 创建输入表单失败  事项代码为:
[2021/6/1 下午9:00:17]  用户: user1 操作了: 创建输入表单失败  事项代码为:
[2021/6/1 下午9:00:17]  用户: user1 操作了: 创建输入表单失败  事项代码为:
[2021/6/1 下午9:00:18]  用户: user1 操作了: 创建输入表单失败  事项代码为:
[2021/6/1 下午9:00:18]  用户: user1 操作了: 创建输入表单失败  事项代码为:
[2021/6/1 下午9:00:18]  用户: user1 操作了: 创建输入表单失败  事项代码为:
[2021/6/1 下午9:00:18]  用户: user1 操作了: 创建输入表单失败  事项代码为:
[2021/6/1 下午9:00:18]  用户: user1 操作了: 创建输入表单失败  事项代码为:
[2021/6/1 下午9:00:18]  用户: user1 操作了: 创建输入表单失败  事项代码为:
[2021/6/1 下午9:02:06]  用户: user1 操作了: 创建输入表单成功  事项代码为:1144010400749649104440511004005
[2021/6/1 下午9:02:08]  用户: user1 操作了: 创建输入表单成功  事项代码为:1144010500749949XT4440511004005
[2021/6/1 下午9:02:14]  用户: user1 操作了: 创建输入表单成功  事项代码为:11440103007493506P4440511004005
[2021/6/1 下午9:04:46]  用户: user1 操作了: 创建输入表单成功  事项代码为:1144010400749649104442111180001
[2021/6/1 下午9:04:46]  用户: user1 操作了: 创建输入表单失败  事项代码为:
[2021/6/1 下午9:04:47]  用户: user1 操作了: 创建输入表单成功  事项代码为:11440103007493506P4002014105002
[2021/6/1 下午9:04:48]  用户: user1 操作了: 创建输入表单成功  事项代码为: 1144010600750851XC4002014105002
[2021/6/1 下午9:04:51]  用户: user1 操作了: 创建输入表单成功  事项代码为:11440111007502521J4002014105002
[2021/6/1 下午9:04:51]  用户: user1 操作了: 创建输入表单成功  事项代码为:11440112558372292L4002014105002
[2021/6/1 下午9:04:52]  用户: user1 操作了: 创建输入表单成功  事项代码为: 11440113552366115E4002014105002
[2021/6/1 下午9:04:52]  用户: user1 操作了: 创建输入表单成功  事项代码为:11440115783785421N4002014105002
[2021/6/1 下午9:04:55]  用户: user1 操作了: 创建输入表单成功  事项代码为:11440118007520260Q4002014105002
[2021/6/1 下午9:04:56]  用户: user1 操作了: 创建输入表单成功  事项代码为: 11440114007514442K4002014105002
[2021/6/1 下午9:04:57]  用户: user1 操作了: 创建输入表单成功  事项代码为:11440117007517547R4442011180001
[2021/6/1 下午9:05:10]  用户: user1 操作了: 创建输入表单成功  事项代码为:1144010600750851XC4440511004005
[2021/6/1 下午9:18:06]  用户: user1 操作了: 登录
[2021/6/1 下午9:18:47]  用户: user1 操作了: 创建输入表单失败  事项代码为:——
[2021/6/1 下午9:18:47]  用户: user1 操作了: 创建输入表单失败  事项代码为:——
[2021/6/1 下午9:18:47]  用户: user1 操作了: 创建输入表单失败  事项代码为:——
[2021/6/1 下午9:18:47]  用户: user1 操作了: 创建输入表单失败  事项代码为:——
[2021/6/1 下午9:18:48]  用户: user1 操作了: 创建输入表单失败  事项代码为:——
[2021/6/1 下午9:18:48]  用户: user1 操作了: 创建输入表单失败  事项代码为:——
[2021/6/1 下午9:18:48]  用户: user1 操作了: 创建输入表单失败  事项代码为:——
[2021/6/1 下午9:18:48]  用户: user1 操作了: 创建输入表单失败  事项代码为:——
[2021/6/1 下午9:18:48]  用户: user1 操作了: 创建输入表单失败  事项代码为:——
[2021/6/1 下午9:18:48]  用户: user1 操作了: 创建输入表单失败  事项代码为:——
[2021/6/1 下午9:18:48]  用户: user1 操作了: 创建输入表单失败  事项代码为:一
[2021/6/1 下午9:19:02]  用户: user1 操作了: 创建输入表单失败  事项代码为:
[2021/6/1 下午9:19:02]  用户: user1 操作了: 创建输入表单失败  事项代码为:
[2021/6/1 下午9:19:02]  用户: user1 操作了: 创建输入表单失败  事项代码为:
[2021/6/1 下午9:19:02]  用户: user1 操作了: 创建输入表单失败  事项代码为:
[2021/6/1 下午9:19:02]  用户: user1 操作了: 创建输入表单失败  事项代码为:
[2021/6/1 下午9:19:02]  用户: user1 操作了: 创建输入表单失败  事项代码为:
[2021/6/1 下午9:19:02]  用户: user1 操作了: 创建输入表单失败  事项代码为:
[2021/6/1 下午9:19:02]  用户: user1 操作了: 创建输入表单失败  事项代码为:
[2021/6/1 下午9:19:02]  用户: user1 操作了: 创建输入表单失败  事项代码为:
[2021/6/1 下午9:19:02]  用户: user1 操作了: 创建输入表单失败  事项代码为:
[2021/6/1 下午9:19:02]  用户: user1 操作了: 创建输入表单失败  事项代码为:
[2021/6/1 下午9:19:14]  用户: user1 操作了: 创建输入表单成功  事项代码为:1144010400749649104442111836001
[2021/6/1 下午9:19:14]  用户: user1 操作了: 创建输入表单成功  事项代码为:—
[2021/6/1 下午9:19:14]  用户: user1 操作了: 创建输入表单成功  事项代码为:11440103007493506P4442111836001
[2021/6/1 下午9:19:14]  用户: user1 操作了: 创建输入表单成功  事项代码为:1144010600750851XC4442111836001
[2021/6/1 下午9:19:14]  用户: user1 操作了: 创建输入表单成功  事项代码为:11440111007502521J4442111836001
[2021/6/1 下午9:19:14]  用户: user1 操作了: 创建输入表单成功  事项代码为:11440112558372292L4442111836001
[2021/6/1 下午9:19:14]  用户: user1 操作了: 创建输入表单成功  事项代码为:11440113552366115E4442111836001
[2021/6/1 下午9:19:14]  用户: user1 操作了: 创建输入表单成功  事项代码为:11440114007514442K4442111836001
[2021/6/1 下午9:19:14]  用户: user1 操作了: 创建输入表单成功  事项代码为:11440115783785421N4442111836001
[2021/6/1 下午9:19:14]  用户: user1 操作了: 创建输入表单成功  事项代码为:11440117007517547R4442111836001
[2021/6/1 下午9:19:14]  用户: user1 操作了: 创建输入表单成功  事项代码为:11440118007520260Q4442111836001
[2021/6/1 下午9:19:24]  用户: user1 操作了: 创建输入表单失败  事项代码为:——
[2021/6/1 下午9:19:24]  用户: user1 操作了: 创建输入表单失败  事项代码为:1144010500749949XT4440511004005
[2021/6/1 下午9:19:24]  用户: user1 操作了: 创建输入表单失败  事项代码为:——
[2021/6/1 下午9:19:24]  用户: user1 操作了: 创建输入表单失败  事项代码为:——
[2021/6/1 下午9:19:25]  用户: user1 操作了: 创建输入表单失败  事项代码为:——
[2021/6/1 下午9:19:25]  用户: user1 操作了: 创建输入表单失败  事项代码为:——
[2021/6/1 下午9:19:25]  用户: user1 操作了: 创建输入表单失败  事项代码为:——
[2021/6/1 下午9:19:25]  用户: user1 操作了: 创建输入表单失败  事项代码为:——
[2021/6/1 下午9:19:25]  用户: user1 操作了: 创建输入表单成功  事项代码为:11440118007520260Q4440511004005
[2021/6/1 下午9:19:25]  用户: user1 操作了: 创建输入表单失败  事项代码为:——
[2021/6/1 下午9:19:25]  用户: user1 操作了: 创建输入表单失败  事项代码为:——
[2021/6/1 下午9:19:43]  用户: user1 操作了: 创建输入表单失败  事项代码为:
[2021/6/1 下午9:19:43]  用户: user1 操作了: 创建输入表单失败  事项代码为:
[2021/6/1 下午9:19:43]  用户: user1 操作了: 创建输入表单失败  事项代码为:
[2021/6/1 下午9:19:43]  用户: user1 操作了: 创建输入表单失败  事项代码为:
[2021/6/1 下午9:19:43]  用户: user1 操作了: 创建输入表单失败  事项代码为:
[2021/6/1 下午9:19:43]  用户: user1 操作了: 创建输入表单失败  事项代码为:
[2021/6/1 下午9:19:43]  用户: user1 操作了: 创建输入表单失败  事项代码为:
[2021/6/1 下午9:19:43]  用户: user1 操作了: 创建输入表单失败  事项代码为:
[2021/6/1 下午9:19:43]  用户: user1 操作了: 创建输入表单失败  事项代码为:
[2021/6/1 下午9:19:43]  用户: user1 操作了: 创建输入表单失败  事项代码为:
[2021/6/1 下午9:19:43]  用户: user1 操作了: 创建输入表单失败  事项代码为:
[2021/6/1 下午9:20:32]  用户: user1 操作了: 创建输入表单成功  事项代码为:1144010400749649104442111820007
[2021/6/1 下午9:20:32]  用户: user1 操作了: 创建输入表单失败  事项代码为:——
[2021/6/1 下午9:20:32]  用户: user1 操作了: 创建输入表单成功  事项代码为:11440103007493506P4442111820007
[2021/6/1 下午9:20:32]  用户: user1 操作了: 创建输入表单成功  事项代码为:1144010600750851XC4442111820007
[2021/6/1 下午9:20:32]  用户: user1 操作了: 创建输入表单成功  事项代码为:11440111007502521J4442111820007
[2021/6/1 下午9:20:32]  用户: user1 操作了: 创建输入表单成功  事项代码为:11440112558372292L4442111820007
[2021/6/1 下午9:20:32]  用户: user1 操作了: 创建输入表单成功  事项代码为:11440113552366115E4442111820007
[2021/6/1 下午9:20:32]  用户: user1 操作了: 创建输入表单成功  事项代码为:11440115783785421N4442111820007
[2021/6/1 下午9:20:32]  用户: user1 操作了: 创建输入表单失败  事项代码为:——
[2021/6/1 下午9:20:32]  用户: user1 操作了: 创建输入表单成功  事项代码为:11440114007514442K4442111820007
[2021/6/1 下午9:20:32]  用户: user1 操作了: 创建输入表单失败  事项代码为:——
[2021/6/1 下午9:20:39]  用户: user1 操作了: 创建输入表单成功  事项代码为:11440100696927671X30511004004
[2021/6/1 下午9:20:39]  用户: user1 操作了: 创建输入表单成功  事项代码为:1144010500749949XT4440511004004
[2021/6/1 下午9:20:39]  用户: user1 操作了: 创建输入表单成功  事项代码为:11440103007493506P4440511004004
[2021/6/1 下午9:20:39]  用户: user1 操作了: 创建输入表单成功  事项代码为:1144010600750851XC4440511004004
[2021/6/1 下午9:20:40]  用户: user1 操作了: 创建输入表单成功  事项代码为:11440111007502521J4440511004004
[2021/6/1 下午9:20:40]  用户: user1 操作了: 创建输入表单成功  事项代码为:11440112558372292L4440511004004
[2021/6/1 下午9:20:40]  用户: user1 操作了: 创建输入表单失败  事项代码为:11440113552366115E4440511004004
[2021/6/1 下午9:20:40]  用户: user1 操作了: 创建输入表单成功  事项代码为:11440115783785421N4440511004004
[2021/6/1 下午9:20:40]  用户: user1 操作了: 创建输入表单失败  事项代码为:——
[2021/6/1 下午9:20:40]  用户: user1 操作了: 创建输入表单成功  事项代码为:11440114007514442K4440511004004
[2021/6/1 下午9:20:40]  用户: user1 操作了: 创建输入表单成功  事项代码为:11440117007517547R4440511004004
[2021/6/1 下午9:20:48]  用户: user1 操作了: 创建输入表单失败  事项代码为:1144010400749649104442111180001
[2021/6/1 下午9:20:48]  用户: user1 操作了: 创建输入表单失败  事项代码为:
[2021/6/1 下午9:20:49]  用户: user1 操作了: 创建输入表单失败  事项代码为:11440103007493506P4002014105002
[2021/6/1 下午9:20:49]  用户: user1 操作了: 创建输入表单失败  事项代码为: 1144010600750851XC4002014105002
[2021/6/1 下午9:20:49]  用户: user1 操作了: 创建输入表单失败  事项代码为:11440111007502521J4002014105002
[2021/6/1 下午9:20:49]  用户: user1 操作了: 创建输入表单失败  事项代码为:11440112558372292L4002014105002
[2021/6/1 下午9:20:49]  用户: user1 操作了: 创建输入表单失败  事项代码为: 11440113552366115E4002014105002
[2021/6/1 下午9:20:49]  用户: user1 操作了: 创建输入表单失败  事项代码为:11440115783785421N4002014105002
[2021/6/1 下午9:20:49]  用户: user1 操作了: 创建输入表单失败  事项代码为:11440118007520260Q4002014105002
[2021/6/1 下午9:20:49]  用户: user1 操作了: 创建输入表单失败  事项代码为: 11440114007514442K4002014105002
[2021/6/1 下午9:20:49]  用户: user1 操作了: 创建输入表单失败  事项代码为:11440117007517547R4442011180001
[2021/6/1 下午9:22:21]  用户: user1 操作了: 创建输入表单成功  事项代码为:1144010400749649104442111820008
[2021/6/1 下午9:22:21]  用户: user1 操作了: 创建输入表单成功  事项代码为:1144010500749949XT4442111820008
[2021/6/1 下午9:22:21]  用户: user1 操作了: 创建输入表单成功  事项代码为:11440103007493506P4442111820008
[2021/6/1 下午9:22:21]  用户: user1 操作了: 创建输入表单成功  事项代码为:1144010600750851XC4442111820008
[2021/6/1 下午9:22:22]  用户: user1 操作了: 创建输入表单成功  事项代码为:11440111007502521J4442111820008
[2021/6/1 下午9:22:22]  用户: user1 操作了: 创建输入表单成功  事项代码为:11440112558372292L4442111820008
[2021/6/1 下午9:22:22]  用户: user1 操作了: 创建输入表单成功  事项代码为:11440113552366115E4442111820008
[2021/6/1 下午9:22:22]  用户: user1 操作了: 创建输入表单成功  事项代码为:11440115783785421N4442111820008
[2021/6/1 下午9:22:22]  用户: user1 操作了: 创建输入表单成功  事项代码为:11440118007520260Q4442111820008
[2021/6/1 下午9:22:22]  用户: user1 操作了: 创建输入表单成功  事项代码为:11440114007514442K4442111820008
[2021/6/1 下午9:22:22]  用户: user1 操作了: 创建输入表单成功  事项代码为:11440117007517547R4442111820008
[2021/6/1 下午9:22:28]  用户: user1 操作了: 创建输入表单成功  事项代码为:1144010400749649104442111820009
[2021/6/1 下午9:22:28]  用户: user1 操作了: 创建输入表单成功  事项代码为:1144010500749949XT4442111820009
[2021/6/1 下午9:22:28]  用户: user1 操作了: 创建输入表单成功  事项代码为:11440103007493506P4442111820009
[2021/6/1 下午9:22:28]  用户: user1 操作了: 创建输入表单成功  事项代码为:1144010600750851XC4442111820009
[2021/6/1 下午9:22:28]  用户: user1 操作了: 创建输入表单成功  事项代码为:11440111007502521J4442111820009
[2021/6/1 下午9:22:28]  用户: user1 操作了: 创建输入表单成功  事项代码为:11440112558372292L4442111820009
[2021/6/1 下午9:22:28]  用户: user1 操作了: 创建输入表单成功  事项代码为:11440113552366115E4442111820009
[2021/6/1 下午9:22:28]  用户: user1 操作了: 创建输入表单成功  事项代码为:11440115783785421N4442111820009
[2021/6/1 下午9:22:28]  用户: user1 操作了: 创建输入表单成功  事项代码为:11440118007520260Q4442111820009
[2021/6/1 下午9:22:28]  用户: user1 操作了: 创建输入表单成功  事项代码为:11440114007514442K4442111820009
[2021/6/1 下午9:22:28]  用户: user1 操作了: 创建输入表单成功  事项代码为:11440117007517547R4442111820009
[2021/6/1 下午9:22:39]  用户: user1 操作了: 创建输入表单失败  事项代码为:1144010400749649104442111836001
[2021/6/1 下午9:22:39]  用户: user1 操作了: 创建输入表单失败  事项代码为:—
[2021/6/1 下午9:22:39]  用户: user1 操作了: 创建输入表单失败  事项代码为:11440103007493506P4442111836001
[2021/6/1 下午9:22:39]  用户: user1 操作了: 创建输入表单失败  事项代码为:1144010600750851XC4442111836001
[2021/6/1 下午9:22:39]  用户: user1 操作了: 创建输入表单失败  事项代码为:11440111007502521J4442111836001
[2021/6/1 下午9:22:39]  用户: user1 操作了: 创建输入表单失败  事项代码为:11440112558372292L4442111836001
[2021/6/1 下午9:22:39]  用户: user1 操作了: 创建输入表单失败  事项代码为:11440113552366115E4442111836001
[2021/6/1 下午9:22:39]  用户: user1 操作了: 创建输入表单失败  事项代码为:11440114007514442K4442111836001
[2021/6/1 下午9:22:39]  用户: user1 操作了: 创建输入表单失败  事项代码为:11440115783785421N4442111836001
[2021/6/1 下午9:22:39]  用户: user1 操作了: 创建输入表单失败  事项代码为:11440117007517547R4442111836001
[2021/6/1 下午9:22:39]  用户: user1 操作了: 创建输入表单失败  事项代码为:11440118007520260Q4442111836001
[2021/6/1 下午9:22:48]  用户: user1 操作了: 创建输入表单成功  事项代码为:1144010400749649104442111731009
[2021/6/1 下午9:22:48]  用户: user1 操作了: 创建输入表单成功  事项代码为:1144010500749949XT4442111731009
[2021/6/1 下午9:22:48]  用户: user1 操作了: 创建输入表单成功  事项代码为:11440103007493506P4442111731009
[2021/6/1 下午9:22:48]  用户: user1 操作了: 创建输入表单成功  事项代码为:1144010600750851XC4442111731009
[2021/6/1 下午9:22:48]  用户: user1 操作了: 创建输入表单成功  事项代码为:11440111007502521J4442111731009
[2021/6/1 下午9:22:48]  用户: user1 操作了: 创建输入表单成功  事项代码为:11440112558372292L4442111731009
[2021/6/1 下午9:22:48]  用户: user1 操作了: 创建输入表单成功  事项代码为:11440113552366115E4442111731009
[2021/6/1 下午9:22:48]  用户: user1 操作了: 创建输入表单成功  事项代码为:11440115783785421N4442111731009
[2021/6/1 下午9:22:48]  用户: user1 操作了: 创建输入表单成功  事项代码为:11440118007520260Q4442111731009
[2021/6/1 下午9:22:49]  用户: user1 操作了: 创建输入表单成功  事项代码为:11440114007514442K4442111731009
[2021/6/1 下午9:22:49]  用户: user1 操作了: 创建输入表单成功  事项代码为:11440117007517547R4442111731009
[2021/6/1 下午9:22:58]  用户: user1 操作了: 创建输入表单失败  事项代码为:—
[2021/6/1 下午9:22:58]  用户: user1 操作了: 创建输入表单失败  事项代码为:—
[2021/6/1 下午9:22:58]  用户: user1 操作了: 创建输入表单失败  事项代码为:—
[2021/6/1 下午9:22:58]  用户: user1 操作了: 创建输入表单失败  事项代码为:—
[2021/6/1 下午9:22:58]  用户: user1 操作了: 创建输入表单失败  事项代码为:—
[2021/6/1 下午9:22:58]  用户: user1 操作了: 创建输入表单失败  事项代码为:—
[2021/6/1 下午9:22:58]  用户: user1 操作了: 创建输入表单失败  事项代码为:—
[2021/6/1 下午9:22:58]  用户: user1 操作了: 创建输入表单失败  事项代码为:—
[2021/6/1 下午9:22:58]  用户: user1 操作了: 创建输入表单失败  事项代码为:—
[2021/6/1 下午9:22:58]  用户: user1 操作了: 创建输入表单失败  事项代码为:—
[2021/6/1 下午9:22:58]  用户: user1 操作了: 创建输入表单失败  事项代码为:—
[2021/6/1 下午9:23:07]  用户: user1 操作了: 创建输入表单成功  事项代码为:1144010400749649104442111731008
[2021/6/1 下午9:23:07]  用户: user1 操作了: 创建输入表单成功  事项代码为:1144010500749949XT4442111731008
[2021/6/1 下午9:23:07]  用户: user1 操作了: 创建输入表单成功  事项代码为:11440103007493506P4442111731008
[2021/6/1 下午9:23:07]  用户: user1 操作了: 创建输入表单成功  事项代码为:1144010600750851XC4442111731008
[2021/6/1 下午9:23:07]  用户: user1 操作了: 创建输入表单成功  事项代码为:11440111007502521J4442111731008
[2021/6/1 下午9:23:07]  用户: user1 操作了: 创建输入表单成功  事项代码为:11440112558372292L4442111731008
[2021/6/1 下午9:23:07]  用户: user1 操作了: 创建输入表单成功  事项代码为:11440113552366115E4442111731008
[2021/6/1 下午9:23:07]  用户: user1 操作了: 创建输入表单成功  事项代码为:11440115783785421N4442111731008
[2021/6/1 下午9:23:07]  用户: user1 操作了: 创建输入表单成功  事项代码为:11440118007520260Q4442111731008
[2021/6/1 下午9:23:07]  用户: user1 操作了: 创建输入表单失败  事项代码为:——
[2021/6/1 下午9:23:07]  用户: user1 操作了: 创建输入表单成功  事项代码为:11440117007517547R4442111731008
[2021/6/1 下午9:23:46]  用户: user1 操作了: 创建输入表单成功  事项代码为:1144010400749649104442111836002
[2021/6/1 下午9:23:46]  用户: user1 操作了: 创建输入表单失败  事项代码为:—
[2021/6/1 下午9:23:46]  用户: user1 操作了: 创建输入表单成功  事项代码为:11440103007493506P4442111836002
[2021/6/1 下午9:23:46]  用户: user1 操作了: 创建输入表单成功  事项代码为:1144010600750851XC4442111836002
[2021/6/1 下午9:23:46]  用户: user1 操作了: 创建输入表单成功  事项代码为:11440111007502521J4442111836002
[2021/6/1 下午9:23:46]  用户: user1 操作了: 创建输入表单成功  事项代码为:11440112558372292L4442111836002
[2021/6/1 下午9:23:46]  用户: user1 操作了: 创建输入表单成功  事项代码为:11440113552366115E4442111836002
[2021/6/1 下午9:23:46]  用户: user1 操作了: 创建输入表单成功  事项代码为:11440114007514442K4442111836002
[2021/6/1 下午9:23:46]  用户: user1 操作了: 创建输入表单成功  事项代码为:11440115783785421N4442111836002
[2021/6/1 下午9:23:47]  用户: user1 操作了: 创建输入表单成功  事项代码为:11440118007520260Q4442111836002
[2021/6/1 下午9:23:47]  用户: user1 操作了: 创建输入表单成功  事项代码为:11440117007517547R4442111836002
[2021/6/1 下午9:23:54]  用户: user1 操作了: 创建输入表单失败  事项代码为:—
[2021/6/1 下午9:23:54]  用户: user1 操作了: 创建输入表单失败  事项代码为:—
[2021/6/1 下午9:23:54]  用户: user1 操作了: 创建输入表单失败  事项代码为:—
[2021/6/1 下午9:23:54]  用户: user1 操作了: 创建输入表单失败  事项代码为:—
[2021/6/1 下午9:23:54]  用户: user1 操作了: 创建输入表单失败  事项代码为:—
[2021/6/1 下午9:23:54]  用户: user1 操作了: 创建输入表单失败  事项代码为:—
[2021/6/1 下午9:23:54]  用户: user1 操作了: 创建输入表单失败  事项代码为:—
[2021/6/1 下午9:23:54]  用户: user1 操作了: 创建输入表单失败  事项代码为:—
[2021/6/1 下午9:23:54]  用户: user1 操作了: 创建输入表单失败  事项代码为:—
[2021/6/1 下午9:23:54]  用户: user1 操作了: 创建输入表单失败  事项代码为:—
[2021/6/1 下午9:23:54]  用户: user1 操作了: 创建输入表单失败  事项代码为:—
[2021/6/1 下午9:24:04]  用户: user1 操作了: 创建输入表单失败  事项代码为:—
[2021/6/1 下午9:24:04]  用户: user1 操作了: 创建输入表单失败  事项代码为:—
[2021/6/1 下午9:24:04]  用户: user1 操作了: 创建输入表单失败  事项代码为:—
[2021/6/1 下午9:24:04]  用户: user1 操作了: 创建输入表单失败  事项代码为:—
[2021/6/1 下午9:24:04]  用户: user1 操作了: 创建输入表单失败  事项代码为:—
[2021/6/1 下午9:24:04]  用户: user1 操作了: 创建输入表单失败  事项代码为:—
[2021/6/1 下午9:24:04]  用户: user1 操作了: 创建输入表单失败  事项代码为:—
[2021/6/1 下午9:24:04]  用户: user1 操作了: 创建输入表单失败  事项代码为:—
[2021/6/1 下午9:24:04]  用户: user1 操作了: 创建输入表单失败  事项代码为:—
[2021/6/1 下午9:24:04]  用户: user1 操作了: 创建输入表单失败  事项代码为:—
[2021/6/1 下午9:24:04]  用户: user1 操作了: 创建输入表单失败  事项代码为:—
[2021/6/1 下午9:24:11]  用户: user1 操作了: 创建输入表单失败  事项代码为:—
[2021/6/1 下午9:24:11]  用户: user1 操作了: 创建输入表单失败  事项代码为:—
[2021/6/1 下午9:24:11]  用户: user1 操作了: 创建输入表单失败  事项代码为:—
[2021/6/1 下午9:24:11]  用户: user1 操作了: 创建输入表单失败  事项代码为:—
[2021/6/1 下午9:24:11]  用户: user1 操作了: 创建输入表单失败  事项代码为:—
[2021/6/1 下午9:24:11]  用户: user1 操作了: 创建输入表单失败  事项代码为:—
[2021/6/1 下午9:24:12]  用户: user1 操作了: 创建输入表单失败  事项代码为:—
[2021/6/1 下午9:24:12]  用户: user1 操作了: 创建输入表单失败  事项代码为:—
[2021/6/1 下午9:24:12]  用户: user1 操作了: 创建输入表单失败  事项代码为:—
[2021/6/1 下午9:24:12]  用户: user1 操作了: 创建输入表单失败  事项代码为:—
[2021/6/1 下午9:24:12]  用户: user1 操作了: 创建输入表单失败  事项代码为:—
[2021/6/1 下午9:24:22]  用户: user1 操作了: 创建输入表单失败  事项代码为:—
[2021/6/1 下午9:24:22]  用户: user1 操作了: 创建输入表单失败  事项代码为:—
[2021/6/1 下午9:24:22]  用户: user1 操作了: 创建输入表单失败  事项代码为:—
[2021/6/1 下午9:24:22]  用户: user1 操作了: 创建输入表单失败  事项代码为:—
[2021/6/1 下午9:24:22]  用户: user1 操作了: 创建输入表单失败  事项代码为:—
[2021/6/1 下午9:24:22]  用户: user1 操作了: 创建输入表单失败  事项代码为:—
[2021/6/1 下午9:24:22]  用户: user1 操作了: 创建输入表单失败  事项代码为:—
[2021/6/1 下午9:24:22]  用户: user1 操作了: 创建输入表单失败  事项代码为:—
[2021/6/1 下午9:24:22]  用户: user1 操作了: 创建输入表单失败  事项代码为:—
[2021/6/1 下午9:24:22]  用户: user1 操作了: 创建输入表单失败  事项代码为:—
[2021/6/1 下午9:24:22]  用户: user1 操作了: 创建输入表单失败  事项代码为:—
[2021/6/1 下午9:24:40]  用户: user1 操作了: 创建输入表单失败  事项代码为:—
[2021/6/1 下午9:24:40]  用户: user1 操作了: 创建输入表单失败  事项代码为:—
[2021/6/1 下午9:24:40]  用户: user1 操作了: 创建输入表单失败  事项代码为:—
[2021/6/1 下午9:24:40]  用户: user1 操作了: 创建输入表单失败  事项代码为:—
[2021/6/1 下午9:24:40]  用户: user1 操作了: 创建输入表单失败  事项代码为:—
[2021/6/1 下午9:24:40]  用户: user1 操作了: 创建输入表单失败  事项代码为:—
[2021/6/1 下午9:24:40]  用户: user1 操作了: 创建输入表单失败  事项代码为:—
[2021/6/1 下午9:24:40]  用户: user1 操作了: 创建输入表单失败  事项代码为:—
[2021/6/1 下午9:24:40]  用户: user1 操作了: 创建输入表单失败  事项代码为:—
[2021/6/1 下午9:24:40]  用户: user1 操作了: 创建输入表单失败  事项代码为:—
[2021/6/1 下午9:24:40]  用户: user1 操作了: 创建输入表单失败  事项代码为:—
[2021/6/1 下午9:24:50]  用户: user1 操作了: 创建输入表单成功  事项代码为:就业见习补贴
[2021/6/1 下午9:24:50]  用户: user1 操作了: 创建输入表单成功  事项代码为:就业见习生活费补贴
[2021/6/1 下午9:24:50]  用户: user1 操作了: 创建输入表单成功  事项代码为:就业见习单位留用补贴
[2021/6/1 下午9:24:59]  用户: user1 操作了: 创建输入表单成功  事项代码为:求职创业补贴
[2021/6/1 下午9:25:06]  用户: user1 操作了: 创建输入表单成功  事项代码为:优秀创业项目资助申领
[2021/6/1 下午9:25:14]  用户: user1 操作了: 创建输入表单失败  事项代码为:吸纳建档立卡贫困劳动力就业补助
[2021/6/1 下午9:25:14]  用户: user1 操作了: 创建输入表单失败  事项代码为:
[2021/6/1 下午9:26:58]  用户: user1 操作了: 创建输入表单失败  事项代码为:职业介绍补贴（疫情防控期间）
[2021/6/1 下午9:26:58]  用户: user1 操作了: 创建输入表单失败  事项代码为:网络招聘会补贴
[2021/6/1 下午9:26:58]  用户: user1 操作了: 创建输入表单失败  事项代码为:职业介绍补贴（重点用工企业）
[2021/6/1 下午9:26:58]  用户: user1 操作了: 创建输入表单失败  事项代码为:职业介绍补贴(五类企业)
[2021/6/1 下午9:26:58]  用户: user1 操作了: 创建输入表单失败  事项代码为:职业介绍补贴（重点用工企业和高新技术企业）
[2021/6/1 下午9:27:36]  用户: user1 操作了: 创建输入表单失败  事项代码为:阶段性减免企业养老保险、失业保险、工伤保险费等社保惠企举措
[2021/6/1 下午9:27:46]  用户: user1 操作了: 创建输入表单失败  事项代码为:稳岗返还（稳岗补贴）申领
[2021/6/1 下午9:31:21]  用户: user1 操作了: 查询事项名  事项代码为:
[2021/6/1 下午9:31:42]  用户: user1 操作了: 查询事项名  事项代码为:
[2021/6/1 下午9:31:45]  用户: user1 操作了: 查询事项名  事项代码为:
[2021/6/1 下午9:49:46]  用户: user1 操作了: 创建输入表单成功  事项代码为:1111111121212
[2021/6/2 上午12:43:18]  用户: user1 操作了: 登录
[2021/6/2 上午1:06:30]  用户: root 操作了: 登录
[2021/6/8 下午4:03:46]  用户: user1 操作了: 登录
[2021/6/8 下午4:05:21]  用户: user1 操作了: 登录
[2021/6/8 下午4:05:29]  用户: user1 操作了: 登录
[2021/6/8 下午4:08:53]  用户: user1 操作了: 登录
[2021/6/8 下午4:13:44]  用户: user1 操作了: 登录
[2021/6/8 下午4:27:46]  用户: user1 操作了: 登录
[2021/6/8 下午4:27:52]  用户: user1 操作了: 创建输入表单失败  事项代码为:1144010400749649104440511004005
[2021/6/8 下午4:27:52]  用户: user1 操作了: 创建输入表单失败  事项代码为:1144010500749949XT4440511004005
[2021/6/8 下午4:27:52]  用户: user1 操作了: 创建输入表单失败  事项代码为:11440103007493506P4440511004005
[2021/6/8 下午4:27:52]  用户: user1 操作了: 创建输入表单失败  事项代码为:1144010600750851XC4440511004005
[2021/6/8 下午4:27:52]  用户: user1 操作了: 创建输入表单失败  事项代码为:11440111007502521J4440511004005
[2021/6/8 下午4:27:52]  用户: user1 操作了: 创建输入表单失败  事项代码为:11440112558372292L4440511004005
[2021/6/8 下午4:27:52]  用户: user1 操作了: 创建输入表单失败  事项代码为:11440113552366115E4440511004005
[2021/6/8 下午4:27:52]  用户: user1 操作了: 创建输入表单失败  事项代码为:11440115783785421N4440511004005
[2021/6/8 下午4:27:52]  用户: user1 操作了: 创建输入表单失败  事项代码为:11440118007520260Q4440511004005
[2021/6/8 下午4:27:52]  用户: user1 操作了: 创建输入表单失败  事项代码为:11440114007514442K4440511004005
[2021/6/8 下午4:27:52]  用户: user1 操作了: 创建输入表单失败  事项代码为:11440117007517547R4440511004005
[2021/6/8 下午4:48:53]  用户: user1 操作了: 登录
[2021/6/8 下午4:48:59]  用户: user1 操作了: 创建输入表单失败  事项代码为:1144010400749649104440511004005
[2021/6/8 下午4:48:59]  用户: user1 操作了: 创建输入表单失败  事项代码为:1144010500749949XT4440511004005
[2021/6/8 下午4:48:59]  用户: user1 操作了: 创建输入表单失败  事项代码为:11440103007493506P4440511004005
[2021/6/8 下午4:48:59]  用户: user1 操作了: 创建输入表单失败  事项代码为:1144010600750851XC4440511004005
[2021/6/8 下午4:49:00]  用户: user1 操作了: 创建输入表单失败  事项代码为:11440111007502521J4440511004005
[2021/6/8 下午4:49:00]  用户: user1 操作了: 创建输入表单失败  事项代码为:11440112558372292L4440511004005
[2021/6/8 下午4:49:00]  用户: user1 操作了: 创建输入表单失败  事项代码为:11440113552366115E4440511004005
[2021/6/8 下午4:49:00]  用户: user1 操作了: 创建输入表单失败  事项代码为:11440115783785421N4440511004005
[2021/6/8 下午4:49:00]  用户: user1 操作了: 创建输入表单失败  事项代码为:11440118007520260Q4440511004005
[2021/6/8 下午4:49:00]  用户: user1 操作了: 创建输入表单失败  事项代码为:11440114007514442K4440511004005
[2021/6/8 下午4:49:00]  用户: user1 操作了: 创建输入表单失败  事项代码为:11440117007517547R4440511004005
[2021/6/8 下午5:15:51]  用户: user1 操作了: 登录
[2021/6/8 下午5:15:58]  用户: user1 操作了: 创建输入表单成功  事项代码为:1144010400749649104440511004005
[2021/6/8 下午5:15:58]  用户: user1 操作了: 创建输入表单成功  事项代码为:1144010500749949XT4440511004005
[2021/6/8 下午5:15:58]  用户: user1 操作了: 创建输入表单成功  事项代码为:11440103007493506P4440511004005
[2021/6/8 下午5:15:58]  用户: user1 操作了: 创建输入表单成功  事项代码为:1144010600750851XC4440511004005
[2021/6/8 下午5:15:58]  用户: user1 操作了: 创建输入表单成功  事项代码为:11440111007502521J4440511004005
[2021/6/8 下午5:15:58]  用户: user1 操作了: 创建输入表单成功  事项代码为:11440112558372292L4440511004005
[2021/6/8 下午5:15:58]  用户: user1 操作了: 创建输入表单成功  事项代码为:11440113552366115E4440511004005
[2021/6/8 下午5:15:58]  用户: user1 操作了: 创建输入表单成功  事项代码为:11440115783785421N4440511004005
[2021/6/8 下午5:15:58]  用户: user1 操作了: 创建输入表单成功  事项代码为:11440118007520260Q4440511004005
[2021/6/8 下午5:15:58]  用户: user1 操作了: 创建输入表单成功  事项代码为:11440114007514442K4440511004005
[2021/6/8 下午5:15:58]  用户: user1 操作了: 创建输入表单成功  事项代码为:11440117007517547R4440511004005
[2021/6/8 下午5:17:12]  用户: user1 操作了: 创建输入表单成功  事项代码为:1144010400749649104442111180001
[2021/6/8 下午5:17:12]  用户: user1 操作了: 创建输入表单失败  事项代码为:
[2021/6/8 下午5:17:12]  用户: user1 操作了: 创建输入表单成功  事项代码为:11440103007493506P4002014105002
[2021/6/8 下午5:17:12]  用户: user1 操作了: 创建输入表单成功  事项代码为: 1144010600750851XC4002014105002
[2021/6/8 下午5:17:12]  用户: user1 操作了: 创建输入表单成功  事项代码为:11440111007502521J4002014105002
[2021/6/8 下午5:17:12]  用户: user1 操作了: 创建输入表单成功  事项代码为:11440112558372292L4002014105002
[2021/6/8 下午5:17:12]  用户: user1 操作了: 创建输入表单成功  事项代码为: 11440113552366115E4002014105002
[2021/6/8 下午5:17:12]  用户: user1 操作了: 创建输入表单成功  事项代码为:11440115783785421N4002014105002
[2021/6/8 下午5:17:12]  用户: user1 操作了: 创建输入表单成功  事项代码为:11440118007520260Q4002014105002
[2021/6/8 下午5:17:12]  用户: user1 操作了: 创建输入表单成功  事项代码为: 11440114007514442K4002014105002
[2021/6/8 下午5:17:12]  用户: user1 操作了: 创建输入表单成功  事项代码为:11440117007517547R4442011180001
[2021/6/8 下午5:17:33]  用户: user1 操作了: 创建输入表单成功  事项代码为:11440100696927671X30511004004
[2021/6/8 下午5:17:33]  用户: user1 操作了: 创建输入表单成功  事项代码为:1144010500749949XT4440511004004
[2021/6/8 下午5:17:33]  用户: user1 操作了: 创建输入表单成功  事项代码为:11440103007493506P4440511004004
[2021/6/8 下午5:17:33]  用户: user1 操作了: 创建输入表单成功  事项代码为:1144010600750851XC4440511004004
[2021/6/8 下午5:17:33]  用户: user1 操作了: 创建输入表单成功  事项代码为:11440111007502521J4440511004004
[2021/6/8 下午5:17:33]  用户: user1 操作了: 创建输入表单成功  事项代码为:11440112558372292L4440511004004
[2021/6/8 下午5:17:33]  用户: user1 操作了: 创建输入表单成功  事项代码为:11440113552366115E4440511004004
[2021/6/8 下午5:17:33]  用户: user1 操作了: 创建输入表单成功  事项代码为:11440115783785421N4440511004004
[2021/6/8 下午5:17:33]  用户: user1 操作了: 创建输入表单成功  事项代码为:——
[2021/6/8 下午5:17:33]  用户: user1 操作了: 创建输入表单成功  事项代码为:11440114007514442K4440511004004
[2021/6/8 下午5:17:33]  用户: user1 操作了: 创建输入表单成功  事项代码为:11440117007517547R4440511004004
[2021/6/8 下午5:17:57]  用户: user1 操作了: 创建输入表单成功  事项代码为:1144010400749649104442111820007
[2021/6/8 下午5:17:57]  用户: user1 操作了: 创建输入表单失败  事项代码为:——
[2021/6/8 下午5:17:57]  用户: user1 操作了: 创建输入表单成功  事项代码为:11440103007493506P4442111820007
[2021/6/8 下午5:17:57]  用户: user1 操作了: 创建输入表单成功  事项代码为:1144010600750851XC4442111820007
[2021/6/8 下午5:17:57]  用户: user1 操作了: 创建输入表单成功  事项代码为:11440111007502521J4442111820007
[2021/6/8 下午5:17:57]  用户: user1 操作了: 创建输入表单成功  事项代码为:11440112558372292L4442111820007
[2021/6/8 下午5:17:57]  用户: user1 操作了: 创建输入表单成功  事项代码为:11440113552366115E4442111820007
[2021/6/8 下午5:17:57]  用户: user1 操作了: 创建输入表单成功  事项代码为:11440115783785421N4442111820007
[2021/6/8 下午5:17:57]  用户: user1 操作了: 创建输入表单失败  事项代码为:——
[2021/6/8 下午5:17:57]  用户: user1 操作了: 创建输入表单成功  事项代码为:11440114007514442K4442111820007
[2021/6/8 下午5:17:57]  用户: user1 操作了: 创建输入表单失败  事项代码为:——
[2021/6/8 下午5:18:07]  用户: user1 操作了: 创建输入表单失败  事项代码为:
[2021/6/8 下午5:18:07]  用户: user1 操作了: 创建输入表单失败  事项代码为:
[2021/6/8 下午5:18:07]  用户: user1 操作了: 创建输入表单失败  事项代码为:
[2021/6/8 下午5:18:07]  用户: user1 操作了: 创建输入表单失败  事项代码为:
[2021/6/8 下午5:18:07]  用户: user1 操作了: 创建输入表单失败  事项代码为:
[2021/6/8 下午5:18:07]  用户: user1 操作了: 创建输入表单失败  事项代码为:
[2021/6/8 下午5:18:07]  用户: user1 操作了: 创建输入表单失败  事项代码为:
[2021/6/8 下午5:18:07]  用户: user1 操作了: 创建输入表单失败  事项代码为:
[2021/6/8 下午5:18:07]  用户: user1 操作了: 创建输入表单失败  事项代码为:
[2021/6/8 下午5:18:07]  用户: user1 操作了: 创建输入表单失败  事项代码为:
[2021/6/8 下午5:18:07]  用户: user1 操作了: 创建输入表单失败  事项代码为:
[2021/6/8 下午5:18:39]  用户: user1 操作了: 创建输入表单失败  事项代码为:——
[2021/6/8 下午5:18:39]  用户: user1 操作了: 创建输入表单失败  事项代码为:1144010500749949XT4440511004005
[2021/6/8 下午5:18:39]  用户: user1 操作了: 创建输入表单失败  事项代码为:——
[2021/6/8 下午5:18:39]  用户: user1 操作了: 创建输入表单失败  事项代码为:——
[2021/6/8 下午5:18:39]  用户: user1 操作了: 创建输入表单失败  事项代码为:——
[2021/6/8 下午5:18:39]  用户: user1 操作了: 创建输入表单失败  事项代码为:——
[2021/6/8 下午5:18:39]  用户: user1 操作了: 创建输入表单失败  事项代码为:——
[2021/6/8 下午5:18:39]  用户: user1 操作了: 创建输入表单失败  事项代码为:——
[2021/6/8 下午5:18:39]  用户: user1 操作了: 创建输入表单失败  事项代码为:11440118007520260Q4440511004005
[2021/6/8 下午5:18:39]  用户: user1 操作了: 创建输入表单失败  事项代码为:——
[2021/6/8 下午5:18:39]  用户: user1 操作了: 创建输入表单失败  事项代码为:——
[2021/6/8 下午5:19:00]  用户: user1 操作了: 登录
[2021/6/8 下午5:20:32]  用户: user1 操作了: 创建输入表单失败  事项代码为:11440100696927671X30511004004
[2021/6/8 下午5:20:32]  用户: user1 操作了: 创建输入表单失败  事项代码为:1144010500749949XT4440511004004
[2021/6/8 下午5:20:32]  用户: user1 操作了: 创建输入表单失败  事项代码为:11440103007493506P4440511004004
[2021/6/8 下午5:20:32]  用户: user1 操作了: 创建输入表单失败  事项代码为:1144010600750851XC4440511004004
[2021/6/8 下午5:20:32]  用户: user1 操作了: 创建输入表单失败  事项代码为:11440111007502521J4440511004004
[2021/6/8 下午5:20:32]  用户: user1 操作了: 创建输入表单失败  事项代码为:11440112558372292L4440511004004
[2021/6/8 下午5:20:32]  用户: user1 操作了: 创建输入表单失败  事项代码为:11440113552366115E4440511004004
[2021/6/8 下午5:20:32]  用户: user1 操作了: 创建输入表单失败  事项代码为:11440115783785421N4440511004004
[2021/6/8 下午5:20:32]  用户: user1 操作了: 创建输入表单失败  事项代码为:——
[2021/6/8 下午5:20:32]  用户: user1 操作了: 创建输入表单失败  事项代码为:11440114007514442K4440511004004
[2021/6/8 下午5:20:32]  用户: user1 操作了: 创建输入表单失败  事项代码为:11440117007517547R4440511004004
[2021/6/8 下午5:21:00]  用户: user1 操作了: 创建输入表单失败  事项代码为:1144010400749649104442111820007
[2021/6/8 下午5:21:00]  用户: user1 操作了: 创建输入表单失败  事项代码为:——
[2021/6/8 下午5:21:00]  用户: user1 操作了: 创建输入表单失败  事项代码为:11440103007493506P4442111820007
[2021/6/8 下午5:21:00]  用户: user1 操作了: 创建输入表单失败  事项代码为:1144010600750851XC4442111820007
[2021/6/8 下午5:21:00]  用户: user1 操作了: 创建输入表单失败  事项代码为:11440111007502521J4442111820007
[2021/6/8 下午5:21:00]  用户: user1 操作了: 创建输入表单失败  事项代码为:11440112558372292L4442111820007
[2021/6/8 下午5:21:00]  用户: user1 操作了: 创建输入表单失败  事项代码为:11440113552366115E4442111820007
[2021/6/8 下午5:21:00]  用户: user1 操作了: 创建输入表单失败  事项代码为:11440115783785421N4442111820007
[2021/6/8 下午5:21:00]  用户: user1 操作了: 创建输入表单失败  事项代码为:——
[2021/6/8 下午5:21:00]  用户: user1 操作了: 创建输入表单失败  事项代码为:11440114007514442K4442111820007
[2021/6/8 下午5:21:00]  用户: user1 操作了: 创建输入表单失败  事项代码为:——
[2021/6/8 下午5:21:18]  用户: user1 操作了: 创建输入表单失败  事项代码为:
[2021/6/8 下午5:21:18]  用户: user1 操作了: 创建输入表单失败  事项代码为:
[2021/6/8 下午5:21:18]  用户: user1 操作了: 创建输入表单失败  事项代码为:
[2021/6/8 下午5:21:18]  用户: user1 操作了: 创建输入表单失败  事项代码为:
[2021/6/8 下午5:21:18]  用户: user1 操作了: 创建输入表单失败  事项代码为:
[2021/6/8 下午5:21:18]  用户: user1 操作了: 创建输入表单失败  事项代码为:
[2021/6/8 下午5:21:18]  用户: user1 操作了: 创建输入表单失败  事项代码为:
[2021/6/8 下午5:21:18]  用户: user1 操作了: 创建输入表单失败  事项代码为:
[2021/6/8 下午5:21:18]  用户: user1 操作了: 创建输入表单失败  事项代码为:
[2021/6/8 下午5:21:18]  用户: user1 操作了: 创建输入表单失败  事项代码为:
[2021/6/8 下午5:21:18]  用户: user1 操作了: 创建输入表单失败  事项代码为:
[2021/6/8 下午5:22:21]  用户: user1 操作了: 创建输入表单失败  事项代码为:——
[2021/6/8 下午5:22:21]  用户: user1 操作了: 创建输入表单失败  事项代码为:1144010500749949XT4440511004005
[2021/6/8 下午5:22:21]  用户: user1 操作了: 创建输入表单失败  事项代码为:——
[2021/6/8 下午5:22:21]  用户: user1 操作了: 创建输入表单失败  事项代码为:——
[2021/6/8 下午5:22:21]  用户: user1 操作了: 创建输入表单失败  事项代码为:——
[2021/6/8 下午5:22:21]  用户: user1 操作了: 创建输入表单失败  事项代码为:——
[2021/6/8 下午5:22:21]  用户: user1 操作了: 创建输入表单失败  事项代码为:——
[2021/6/8 下午5:22:21]  用户: user1 操作了: 创建输入表单失败  事项代码为:——
[2021/6/8 下午5:22:21]  用户: user1 操作了: 创建输入表单失败  事项代码为:11440118007520260Q4440511004005
[2021/6/8 下午5:22:21]  用户: user1 操作了: 创建输入表单失败  事项代码为:——
[2021/6/8 下午5:22:21]  用户: user1 操作了: 创建输入表单失败  事项代码为:——
[2021/6/8 下午5:22:33]  用户: user1 操作了: 创建输入表单成功  事项代码为:1144010400749649104442111836001
[2021/6/8 下午5:22:33]  用户: user1 操作了: 创建输入表单成功  事项代码为:—
[2021/6/8 下午5:22:33]  用户: user1 操作了: 创建输入表单成功  事项代码为:11440103007493506P4442111836001
[2021/6/8 下午5:22:33]  用户: user1 操作了: 创建输入表单成功  事项代码为:1144010600750851XC4442111836001
[2021/6/8 下午5:22:33]  用户: user1 操作了: 创建输入表单成功  事项代码为:11440111007502521J4442111836001
[2021/6/8 下午5:22:33]  用户: user1 操作了: 创建输入表单成功  事项代码为:11440112558372292L4442111836001
[2021/6/8 下午5:22:33]  用户: user1 操作了: 创建输入表单成功  事项代码为:11440113552366115E4442111836001
[2021/6/8 下午5:22:33]  用户: user1 操作了: 创建输入表单成功  事项代码为:11440114007514442K4442111836001
[2021/6/8 下午5:22:33]  用户: user1 操作了: 创建输入表单成功  事项代码为:11440115783785421N4442111836001
[2021/6/8 下午5:22:33]  用户: user1 操作了: 创建输入表单成功  事项代码为:11440117007517547R4442111836001
[2021/6/8 下午5:22:33]  用户: user1 操作了: 创建输入表单成功  事项代码为:11440118007520260Q4442111836001
[2021/6/8 下午5:22:45]  用户: user1 操作了: 创建输入表单失败  事项代码为:
[2021/6/8 下午5:22:45]  用户: user1 操作了: 创建输入表单失败  事项代码为:
[2021/6/8 下午5:22:45]  用户: user1 操作了: 创建输入表单失败  事项代码为:
[2021/6/8 下午5:22:45]  用户: user1 操作了: 创建输入表单失败  事项代码为:
[2021/6/8 下午5:22:45]  用户: user1 操作了: 创建输入表单失败  事项代码为:
[2021/6/8 下午5:22:45]  用户: user1 操作了: 创建输入表单失败  事项代码为:
[2021/6/8 下午5:22:45]  用户: user1 操作了: 创建输入表单失败  事项代码为:
[2021/6/8 下午5:22:45]  用户: user1 操作了: 创建输入表单失败  事项代码为:
[2021/6/8 下午5:22:45]  用户: user1 操作了: 创建输入表单失败  事项代码为:
[2021/6/8 下午5:22:45]  用户: user1 操作了: 创建输入表单失败  事项代码为:
[2021/6/8 下午5:22:45]  用户: user1 操作了: 创建输入表单失败  事项代码为:
[2021/6/8 下午5:24:26]  用户: user1 操作了: 创建输入表单失败  事项代码为:——
[2021/6/8 下午5:24:26]  用户: user1 操作了: 创建输入表单失败  事项代码为:——
[2021/6/8 下午5:24:26]  用户: user1 操作了: 创建输入表单失败  事项代码为:——
[2021/6/8 下午5:24:26]  用户: user1 操作了: 创建输入表单失败  事项代码为:——
[2021/6/8 下午5:24:26]  用户: user1 操作了: 创建输入表单失败  事项代码为:——
[2021/6/8 下午5:24:26]  用户: user1 操作了: 创建输入表单失败  事项代码为:——
[2021/6/8 下午5:24:26]  用户: user1 操作了: 创建输入表单失败  事项代码为:——
[2021/6/8 下午5:24:26]  用户: user1 操作了: 创建输入表单失败  事项代码为:——
[2021/6/8 下午5:24:26]  用户: user1 操作了: 创建输入表单失败  事项代码为:——
[2021/6/8 下午5:24:26]  用户: user1 操作了: 创建输入表单失败  事项代码为:——
[2021/6/8 下午5:24:26]  用户: user1 操作了: 创建输入表单成功  事项代码为:一
[2021/6/8 下午5:24:35]  用户: user1 操作了: 创建输入表单失败  事项代码为:——
[2021/6/8 下午5:24:35]  用户: user1 操作了: 创建输入表单失败  事项代码为:——
[2021/6/8 下午5:24:35]  用户: user1 操作了: 创建输入表单失败  事项代码为:——
[2021/6/8 下午5:24:35]  用户: user1 操作了: 创建输入表单失败  事项代码为:——
[2021/6/8 下午5:24:35]  用户: user1 操作了: 创建输入表单失败  事项代码为:——
[2021/6/8 下午5:24:35]  用户: user1 操作了: 创建输入表单失败  事项代码为:——
[2021/6/8 下午5:24:35]  用户: user1 操作了: 创建输入表单成功  事项代码为:————
[2021/6/8 下午5:24:35]  用户: user1 操作了: 创建输入表单失败  事项代码为:——
[2021/6/8 下午5:24:35]  用户: user1 操作了: 创建输入表单失败  事项代码为:——
[2021/6/8 下午5:24:35]  用户: user1 操作了: 创建输入表单失败  事项代码为:——
[2021/6/8 下午5:24:35]  用户: user1 操作了: 创建输入表单失败  事项代码为:——
[2021/6/8 下午5:24:45]  用户: user1 操作了: 创建输入表单失败  事项代码为:——
[2021/6/8 下午5:24:45]  用户: user1 操作了: 创建输入表单失败  事项代码为:——
[2021/6/8 下午5:24:45]  用户: user1 操作了: 创建输入表单失败  事项代码为:——
[2021/6/8 下午5:24:45]  用户: user1 操作了: 创建输入表单成功  事项代码为:1144010600750851XC4442111820005
[2021/6/8 下午5:24:46]  用户: user1 操作了: 创建输入表单成功  事项代码为:11440111007502521J4442111820005
[2021/6/8 下午5:24:46]  用户: user1 操作了: 创建输入表单成功  事项代码为:11440112558372292L4442111820005
[2021/6/8 下午5:24:46]  用户: user1 操作了: 创建输入表单成功  事项代码为:11440113552366115E4442111820005
[2021/6/8 下午5:24:46]  用户: user1 操作了: 创建输入表单成功  事项代码为:11440115783785421N4442111820005
[2021/6/8 下午5:24:46]  用户: user1 操作了: 创建输入表单失败  事项代码为:——
[2021/6/8 下午5:24:46]  用户: user1 操作了: 创建输入表单失败  事项代码为:——
[2021/6/8 下午5:24:46]  用户: user1 操作了: 创建输入表单成功  事项代码为:11440117007517547R4442111820005
[2021/6/8 下午5:24:59]  用户: user1 操作了: 创建输入表单成功  事项代码为:1144010400749649104440511004002
[2021/6/8 下午5:24:59]  用户: user1 操作了: 创建输入表单成功  事项代码为:1144010500749949XT4440511004002
[2021/6/8 下午5:24:59]  用户: user1 操作了: 创建输入表单成功  事项代码为:11440103007493506P4440511004002
[2021/6/8 下午5:24:59]  用户: user1 操作了: 创建输入表单成功  事项代码为:1144010600750851XC4440511004002
[2021/6/8 下午5:24:59]  用户: user1 操作了: 创建输入表单成功  事项代码为:11440111007502521J4440511004002
[2021/6/8 下午5:24:59]  用户: user1 操作了: 创建输入表单成功  事项代码为:11440112558372292L4440511004002
[2021/6/8 下午5:24:59]  用户: user1 操作了: 创建输入表单成功  事项代码为:11440113552366115E4440511004002
[2021/6/8 下午5:24:59]  用户: user1 操作了: 创建输入表单成功  事项代码为:11440115783785421N4440511004002
[2021/6/8 下午5:24:59]  用户: user1 操作了: 创建输入表单成功  事项代码为:11440118007520260Q4440511004002
[2021/6/8 下午5:25:00]  用户: user1 操作了: 创建输入表单成功  事项代码为:11440114007514442K4440511004002
[2021/6/8 下午5:25:00]  用户: user1 操作了: 创建输入表单失败  事项代码为:11440118007520260Q4440511004002
[2021/6/8 下午5:25:11]  用户: user1 操作了: 创建输入表单失败  事项代码为:——
[2021/6/8 下午5:25:11]  用户: user1 操作了: 创建输入表单失败  事项代码为:——
[2021/6/8 下午5:25:11]  用户: user1 操作了: 创建输入表单失败  事项代码为:——
[2021/6/8 下午5:25:11]  用户: user1 操作了: 创建输入表单失败  事项代码为:——
[2021/6/8 下午5:25:11]  用户: user1 操作了: 创建输入表单失败  事项代码为:——
[2021/6/8 下午5:25:11]  用户: user1 操作了: 创建输入表单失败  事项代码为:——
[2021/6/8 下午5:25:11]  用户: user1 操作了: 创建输入表单失败  事项代码为:——
[2021/6/8 下午5:25:11]  用户: user1 操作了: 创建输入表单失败  事项代码为:——
[2021/6/8 下午5:25:11]  用户: user1 操作了: 创建输入表单失败  事项代码为:——
[2021/6/8 下午5:25:11]  用户: user1 操作了: 创建输入表单失败  事项代码为:——
[2021/6/8 下午5:25:11]  用户: user1 操作了: 创建输入表单成功  事项代码为: 一
[2021/6/8 下午5:25:32]  用户: user1 操作了: 创建输入表单失败  事项代码为:——
[2021/6/8 下午5:25:32]  用户: user1 操作了: 创建输入表单失败  事项代码为:——
[2021/6/8 下午5:25:32]  用户: user1 操作了: 创建输入表单失败  事项代码为:——
[2021/6/8 下午5:25:32]  用户: user1 操作了: 创建输入表单失败  事项代码为:——
[2021/6/8 下午5:25:32]  用户: user1 操作了: 创建输入表单失败  事项代码为:——
[2021/6/8 下午5:25:32]  用户: user1 操作了: 创建输入表单失败  事项代码为:——
[2021/6/8 下午5:25:32]  用户: user1 操作了: 创建输入表单失败  事项代码为:——
[2021/6/8 下午5:25:32]  用户: user1 操作了: 创建输入表单失败  事项代码为:——
[2021/6/8 下午5:25:33]  用户: user1 操作了: 创建输入表单失败  事项代码为:——
[2021/6/8 下午5:25:33]  用户: user1 操作了: 创建输入表单失败  事项代码为:——
[2021/6/8 下午5:25:33]  用户: user1 操作了: 创建输入表单失败  事项代码为:——
[2021/6/8 下午5:25:42]  用户: user1 操作了: 创建输入表单成功  事项代码为:1144010400749649104442111731006
[2021/6/8 下午5:25:42]  用户: user1 操作了: 创建输入表单成功  事项代码为:1144010500749949XT4442111731006
[2021/6/8 下午5:25:42]  用户: user1 操作了: 创建输入表单成功  事项代码为:11440103007493506P4442111731002
[2021/6/8 下午5:25:42]  用户: user1 操作了: 创建输入表单成功  事项代码为:1144010600750851XC4442111731002
[2021/6/8 下午5:25:42]  用户: user1 操作了: 创建输入表单成功  事项代码为:11440111007502521J4442111731002
[2021/6/8 下午5:25:42]  用户: user1 操作了: 创建输入表单成功  事项代码为:11440112558372292L4442111731002
[2021/6/8 下午5:25:42]  用户: user1 操作了: 创建输入表单成功  事项代码为:11440113552366115E4442111731002
[2021/6/8 下午5:25:42]  用户: user1 操作了: 创建输入表单成功  事项代码为:11440115783785421N4442111731002
[2021/6/8 下午5:25:42]  用户: user1 操作了: 创建输入表单成功  事项代码为:11440118007520260Q4442111731002
[2021/6/8 下午5:25:42]  用户: user1 操作了: 创建输入表单失败  事项代码为:——
[2021/6/8 下午5:25:42]  用户: user1 操作了: 创建输入表单失败  事项代码为:一
[2021/6/8 下午5:25:53]  用户: user1 操作了: 创建输入表单失败  事项代码为:1144010400749649104442111731006
[2021/6/8 下午5:25:53]  用户: user1 操作了: 创建输入表单失败  事项代码为:1144010500749949XT4442111731006
[2021/6/8 下午5:25:53]  用户: user1 操作了: 创建输入表单成功  事项代码为:11440103007493506P4442111731006
[2021/6/8 下午5:25:53]  用户: user1 操作了: 创建输入表单成功  事项代码为:1144010600750851XC4442111731006
[2021/6/8 下午5:25:53]  用户: user1 操作了: 创建输入表单成功  事项代码为:11440111007502521J4442111731006
[2021/6/8 下午5:25:53]  用户: user1 操作了: 创建输入表单成功  事项代码为:11440112558372292L4442111731006
[2021/6/8 下午5:25:53]  用户: user1 操作了: 创建输入表单成功  事项代码为:11440113552366115E4442111731006
[2021/6/8 下午5:25:53]  用户: user1 操作了: 创建输入表单成功  事项代码为:11440115783785421N4442111731006
[2021/6/8 下午5:25:53]  用户: user1 操作了: 创建输入表单成功  事项代码为:11440118007520260Q4442111731006
[2021/6/8 下午5:25:53]  用户: user1 操作了: 创建输入表单成功  事项代码为:11440114007514442K4442111731006
[2021/6/8 下午5:25:53]  用户: user1 操作了: 创建输入表单成功  事项代码为:11440117007517547R4442111731006
[2021/6/8 下午5:25:59]  用户: user1 操作了: 创建输入表单成功  事项代码为: 
[2021/6/8 下午5:25:59]  用户: user1 操作了: 创建输入表单失败  事项代码为: 
[2021/6/8 下午5:25:59]  用户: user1 操作了: 创建输入表单失败  事项代码为: 
[2021/6/8 下午5:25:59]  用户: user1 操作了: 创建输入表单失败  事项代码为: 
[2021/6/8 下午5:25:59]  用户: user1 操作了: 创建输入表单失败  事项代码为: 
[2021/6/8 下午5:25:59]  用户: user1 操作了: 创建输入表单失败  事项代码为: 
[2021/6/8 下午5:25:59]  用户: user1 操作了: 创建输入表单失败  事项代码为: 
[2021/6/8 下午5:25:59]  用户: user1 操作了: 创建输入表单失败  事项代码为: 
[2021/6/8 下午5:25:59]  用户: user1 操作了: 创建输入表单失败  事项代码为: 
[2021/6/8 下午5:25:59]  用户: user1 操作了: 创建输入表单失败  事项代码为: 
[2021/6/8 下午5:25:59]  用户: user1 操作了: 创建输入表单失败  事项代码为: 
[2021/6/8 下午5:26:08]  用户: user1 操作了: 创建输入表单失败  事项代码为: 
[2021/6/8 下午5:26:08]  用户: user1 操作了: 创建输入表单失败  事项代码为: 
[2021/6/8 下午5:26:08]  用户: user1 操作了: 创建输入表单失败  事项代码为: 
[2021/6/8 下午5:26:08]  用户: user1 操作了: 创建输入表单失败  事项代码为: 
[2021/6/8 下午5:26:08]  用户: user1 操作了: 创建输入表单失败  事项代码为: 
[2021/6/8 下午5:26:08]  用户: user1 操作了: 创建输入表单失败  事项代码为: 
[2021/6/8 下午5:26:08]  用户: user1 操作了: 创建输入表单失败  事项代码为: 
[2021/6/8 下午5:26:08]  用户: user1 操作了: 创建输入表单失败  事项代码为: 
[2021/6/8 下午5:26:08]  用户: user1 操作了: 创建输入表单失败  事项代码为: 
[2021/6/8 下午5:26:08]  用户: user1 操作了: 创建输入表单失败  事项代码为: 
[2021/6/8 下午5:26:08]  用户: user1 操作了: 创建输入表单失败  事项代码为: 
[2021/6/8 下午5:26:14]  用户: user1 操作了: 创建输入表单失败  事项代码为:——
[2021/6/8 下午5:26:14]  用户: user1 操作了: 创建输入表单成功  事项代码为:1144010500749949XT4440511004003
[2021/6/8 下午5:26:14]  用户: user1 操作了: 创建输入表单成功  事项代码为:11440103007493506P4440511004003
[2021/6/8 下午5:26:14]  用户: user1 操作了: 创建输入表单成功  事项代码为:1144010600750851XC4440511004003
[2021/6/8 下午5:26:14]  用户: user1 操作了: 创建输入表单成功  事项代码为:11440111007502521J4440511004003
[2021/6/8 下午5:26:14]  用户: user1 操作了: 创建输入表单成功  事项代码为:11440112558372292L4440511004003
[2021/6/8 下午5:26:14]  用户: user1 操作了: 创建输入表单失败  事项代码为:11440113552366115E4440511004004
[2021/6/8 下午5:26:14]  用户: user1 操作了: 创建输入表单成功  事项代码为:11440115783785421N4440511004003
[2021/6/8 下午5:26:14]  用户: user1 操作了: 创建输入表单失败  事项代码为:——
[2021/6/8 下午5:26:31]  用户: user1 操作了: 创建输入表单成功  事项代码为:就业见习补贴
[2021/6/8 下午5:26:31]  用户: user1 操作了: 创建输入表单成功  事项代码为:就业见习生活费补贴
[2021/6/8 下午5:26:31]  用户: user1 操作了: 创建输入表单成功  事项代码为:就业见习单位留用补贴
[2021/6/8 下午5:26:38]  用户: user1 操作了: 创建输入表单成功  事项代码为:求职创业补贴
[2021/6/8 下午5:26:42]  用户: user1 操作了: 创建输入表单成功  事项代码为:优秀创业项目资助申领
[2021/6/8 下午5:26:53]  用户: user1 操作了: 创建输入表单失败  事项代码为:吸纳建档立卡贫困劳动力就业补助
[2021/6/8 下午5:26:53]  用户: user1 操作了: 创建输入表单失败  事项代码为:
[2021/6/8 下午5:26:58]  用户: user1 操作了: 创建输入表单失败  事项代码为:职业介绍补贴（疫情防控期间）
[2021/6/8 下午5:26:58]  用户: user1 操作了: 创建输入表单失败  事项代码为:网络招聘会补贴
[2021/6/8 下午5:26:58]  用户: user1 操作了: 创建输入表单失败  事项代码为:职业介绍补贴（重点用工企业）
[2021/6/8 下午5:26:58]  用户: user1 操作了: 创建输入表单失败  事项代码为:职业介绍补贴(五类企业)
[2021/6/8 下午5:26:58]  用户: user1 操作了: 创建输入表单失败  事项代码为:职业介绍补贴（重点用工企业和高新技术企业）
[2021/6/8 下午5:27:07]  用户: user1 操作了: 创建输入表单失败  事项代码为:阶段性减免企业养老保险、失业保险、工伤保险费等社保惠企举措
[2021/6/8 下午5:27:15]  用户: user1 操作了: 创建输入表单失败  事项代码为:稳岗返还（稳岗补贴）申领
[2021/6/8 下午5:28:12]  用户: user1 操作了: 登录
[2021/6/8 下午5:30:12]  用户: user1 操作了: 登录
[2021/6/8 下午5:32:53]  用户: user1 操作了: 登录
[2021/6/8 下午5:34:52]  用户: user1 操作了: 登录
[2021/6/8 下午5:35:48]  用户: user1 操作了: 登录
[2021/6/8 下午5:57:07]  用户: user1 操作了: 登录
[2021/6/8 下午6:00:11]  用户: user1 操作了: 登录
[2021/6/8 下午6:07:04]  用户: user1 操作了: 登录
[2021/6/8 下午6:31:25]  用户: user1 操作了: 登录
[2021/6/8 下午6:34:18]  用户: user1 操作了: 登录
[2021/6/8 下午6:35:57]  用户: user1 操作了: 登录
[2021/6/8 下午6:41:49]  用户: user1 操作了: 登录
[2021/6/8 下午6:42:29]  用户: user1 操作了: 创建输入表单成功  事项代码为:123
[2021/6/8 下午6:44:48]  用户: user1 操作了: 登录
[2021/6/8 下午6:45:21]  用户: user1 操作了: 创建输入表单成功  事项代码为:124
[2021/6/8 下午7:01:33]  用户: user1 操作了: 登录
[2021/6/8 下午7:08:42]  用户: user1 操作了: 登录
[2021/6/8 下午7:09:20]  用户: user1 操作了: 创建输入表单成功  事项代码为:125
[2021/6/8 下午7:09:21]  用户: user1 操作了: 创建输入表单失败  事项代码为:125
[2021/6/8 下午7:09:21]  用户: user1 操作了: 创建输入表单失败  事项代码为:125
[2021/6/8 下午7:10:55]  用户: user1 操作了: 登录
[2021/6/8 下午7:12:40]  用户: user1 操作了: 登录
[2021/6/8 下午7:13:45]  用户: user1 操作了: 创建输入表单失败  事项代码为:125
[2021/6/8 下午7:14:01]  用户: user1 操作了: 创建输入表单成功  事项代码为:127
[2021/6/8 下午7:15:53]  用户: user1 操作了: 登录
[2021/6/8 下午7:16:30]  用户: user1 操作了: 创建输入表单成功  事项代码为:128
[2021/6/8 下午7:17:41]  用户: user1 操作了: 登录
[2021/6/8 下午7:28:22]  用户: user1 操作了: 登录
[2021/6/9 下午6:15:38]  用户: user1 操作了: 登录
[2021/6/10 下午4:10:40]  用户: user1 操作了: 登录
[2021/6/10 下午4:14:07]  用户: user1 操作了: 登录
[2021/6/10 下午4:14:23]  用户: user1 操作了: 更新事项成功  事项代码为:1144010400749649104440511004005
[2021/6/10 下午4:17:59]  用户: user1 操作了: 更新事项成功  事项代码为:1144010400749649104440511004005
[2021/6/10 下午4:18:06]  用户: user1 操作了: 更新事项成功  事项代码为:1144010400749649104440511004005
[2021/6/10 下午5:02:01]  用户: user1 操作了: 登录
[2021/6/10 下午5:03:28]  用户: user1 操作了: 登录
[2021/6/10 下午5:04:25]  用户: user1 操作了: 登录
[2021/6/10 下午5:06:36]  用户: user1 操作了: 登录
[2021/6/10 下午5:08:00]  用户: user1 操作了: 登录
[2021/6/10 下午5:08:10]  用户: user1 操作了: 更新事项成功  事项代码为:1144010400749649104440511004005
[2021/6/10 下午5:08:50]  用户: user1 操作了: 创建输入表单失败  事项代码为:128
[2021/6/10 下午5:09:04]  用户: user1 操作了: 创建输入表单成功  事项代码为:129
